[2024-11-25 00:00:41,534] [6940 ] [ScriptRunner.scriptThread] [INFO ] resetting database details...
[2024-11-25 00:00:41,698] [6940 ] [ScriptRunner.scriptThread] [INFO ] database is ready to connect to postgres database of localhost host at port: 5433
[2024-11-25 00:00:41,860] [6940 ] [ScriptRunner.scriptThread] [INFO ] obtaining details to create database metadata file: data/metadata/database.txt
[2024-11-25 00:00:42,000] [6940 ] [ScriptRunner.scriptThread] [INFO ] fetching all schema names from database...
[2024-11-25 00:00:42,177] [6940 ] [ScriptRunner.scriptThread] [INFO ] identifying query type...
[2024-11-25 00:00:42,350] [6940 ] [ScriptRunner.scriptThread] [INFO ] identified as SELECT query
[2024-11-25 00:00:42,514] [6940 ] [ScriptRunner.scriptThread] [INFO ] creating postgres connection string...
[2024-11-25 00:00:42,677] [6940 ] [ScriptRunner.scriptThread] [INFO ] created
[2024-11-25 00:00:42,866] [6940 ] [ScriptRunner.scriptThread] [INFO ] connecting to database...
[2024-11-25 00:00:43,118] [6940 ] [ScriptRunner.scriptThread] [INFO ] connected
[2024-11-25 00:00:43,293] [6940 ] [ScriptRunner.scriptThread] [INFO ] fetched all schema names. number of schema names: 1
[2024-11-25 00:00:43,471] [6940 ] [ScriptRunner.scriptThread] [INFO ] fetching all the table names of schema: public...
[2024-11-25 00:00:43,627] [6940 ] [ScriptRunner.scriptThread] [INFO ] identifying query type...
[2024-11-25 00:00:43,806] [6940 ] [ScriptRunner.scriptThread] [INFO ] identified as SELECT query
[2024-11-25 00:00:43,970] [6940 ] [ScriptRunner.scriptThread] [INFO ] fetched all table names. number of tables: 7
[2024-11-25 00:00:44,137] [6940 ] [ScriptRunner.scriptThread] [INFO ] fetching column details of table: subject
[2024-11-25 00:00:44,312] [6940 ] [ScriptRunner.scriptThread] [INFO ] identifying query type...
[2024-11-25 00:00:44,486] [6940 ] [ScriptRunner.scriptThread] [INFO ] identified as SELECT query
[2024-11-25 00:00:44,679] [6940 ] [ScriptRunner.scriptThread] [INFO ] fetched column details. number of columns: 5
[2024-11-25 00:00:44,837] [6940 ] [ScriptRunner.scriptThread] [INFO ] fetching relationship details of table name: subject
[2024-11-25 00:00:45,001] [6940 ] [ScriptRunner.scriptThread] [INFO ] identifying query type...
[2024-11-25 00:00:45,177] [6940 ] [ScriptRunner.scriptThread] [INFO ] identified as SELECT query
[2024-11-25 00:00:45,403] [6940 ] [ScriptRunner.scriptThread] [INFO ] fetched relationship details. number of relationships: 2
[2024-11-25 00:00:45,556] [6940 ] [ScriptRunner.scriptThread] [INFO ] fetching column details of table: department
[2024-11-25 00:00:45,727] [6940 ] [ScriptRunner.scriptThread] [INFO ] identifying query type...
[2024-11-25 00:00:45,895] [6940 ] [ScriptRunner.scriptThread] [INFO ] identified as SELECT query
[2024-11-25 00:00:46,078] [6940 ] [ScriptRunner.scriptThread] [INFO ] fetched column details. number of columns: 4
[2024-11-25 00:00:46,229] [6940 ] [ScriptRunner.scriptThread] [INFO ] fetching relationship details of table name: department
[2024-11-25 00:00:46,396] [6940 ] [ScriptRunner.scriptThread] [INFO ] identifying query type...
[2024-11-25 00:00:46,611] [6940 ] [ScriptRunner.scriptThread] [INFO ] identified as SELECT query
[2024-11-25 00:00:46,796] [6940 ] [ScriptRunner.scriptThread] [INFO ] fetched relationship details. number of relationships: 0
[2024-11-25 00:00:46,966] [6940 ] [ScriptRunner.scriptThread] [INFO ] fetching column details of table: student
[2024-11-25 00:00:47,170] [6940 ] [ScriptRunner.scriptThread] [INFO ] identifying query type...
[2024-11-25 00:00:47,410] [6940 ] [ScriptRunner.scriptThread] [INFO ] identified as SELECT query
[2024-11-25 00:00:47,598] [6940 ] [ScriptRunner.scriptThread] [INFO ] fetched column details. number of columns: 4
[2024-11-25 00:00:47,769] [6940 ] [ScriptRunner.scriptThread] [INFO ] fetching relationship details of table name: student
[2024-11-25 00:00:47,927] [6940 ] [ScriptRunner.scriptThread] [INFO ] identifying query type...
[2024-11-25 00:00:48,111] [6940 ] [ScriptRunner.scriptThread] [INFO ] identified as SELECT query
[2024-11-25 00:00:48,291] [6940 ] [ScriptRunner.scriptThread] [INFO ] fetched relationship details. number of relationships: 1
[2024-11-25 00:00:48,458] [6940 ] [ScriptRunner.scriptThread] [INFO ] fetching column details of table: teacher
[2024-11-25 00:00:48,645] [6940 ] [ScriptRunner.scriptThread] [INFO ] identifying query type...
[2024-11-25 00:00:48,839] [6940 ] [ScriptRunner.scriptThread] [INFO ] identified as SELECT query
[2024-11-25 00:00:49,018] [6940 ] [ScriptRunner.scriptThread] [INFO ] fetched column details. number of columns: 4
[2024-11-25 00:00:49,191] [6940 ] [ScriptRunner.scriptThread] [INFO ] fetching relationship details of table name: teacher
[2024-11-25 00:00:49,351] [6940 ] [ScriptRunner.scriptThread] [INFO ] identifying query type...
[2024-11-25 00:00:49,541] [6940 ] [ScriptRunner.scriptThread] [INFO ] identified as SELECT query
[2024-11-25 00:00:49,744] [6940 ] [ScriptRunner.scriptThread] [INFO ] fetched relationship details. number of relationships: 1
[2024-11-25 00:00:49,887] [6940 ] [ScriptRunner.scriptThread] [INFO ] fetching column details of table: enrollment
[2024-11-25 00:00:50,062] [6940 ] [ScriptRunner.scriptThread] [INFO ] identifying query type...
[2024-11-25 00:00:50,264] [6940 ] [ScriptRunner.scriptThread] [INFO ] identified as SELECT query
[2024-11-25 00:00:50,446] [6940 ] [ScriptRunner.scriptThread] [INFO ] fetched column details. number of columns: 5
[2024-11-25 00:00:50,613] [6940 ] [ScriptRunner.scriptThread] [INFO ] fetching relationship details of table name: enrollment
[2024-11-25 00:00:50,763] [6940 ] [ScriptRunner.scriptThread] [INFO ] identifying query type...
[2024-11-25 00:00:50,948] [6940 ] [ScriptRunner.scriptThread] [INFO ] identified as SELECT query
[2024-11-25 00:00:51,205] [6940 ] [ScriptRunner.scriptThread] [INFO ] fetched relationship details. number of relationships: 2
[2024-11-25 00:00:51,366] [6940 ] [ScriptRunner.scriptThread] [INFO ] fetching column details of table: conversation_history
[2024-11-25 00:00:51,528] [6940 ] [ScriptRunner.scriptThread] [INFO ] identifying query type...
[2024-11-25 00:00:51,705] [6940 ] [ScriptRunner.scriptThread] [INFO ] identified as SELECT query
[2024-11-25 00:00:51,889] [6940 ] [ScriptRunner.scriptThread] [INFO ] fetched column details. number of columns: 5
[2024-11-25 00:00:52,045] [6940 ] [ScriptRunner.scriptThread] [INFO ] fetching relationship details of table name: conversation_history
[2024-11-25 00:00:52,245] [6940 ] [ScriptRunner.scriptThread] [INFO ] identifying query type...
[2024-11-25 00:00:52,432] [6940 ] [ScriptRunner.scriptThread] [INFO ] identified as SELECT query
[2024-11-25 00:00:52,640] [6940 ] [ScriptRunner.scriptThread] [INFO ] fetched relationship details. number of relationships: 0
[2024-11-25 00:00:52,812] [6940 ] [ScriptRunner.scriptThread] [INFO ] fetching column details of table: chat_history
[2024-11-25 00:00:52,981] [6940 ] [ScriptRunner.scriptThread] [INFO ] identifying query type...
[2024-11-25 00:00:53,150] [6940 ] [ScriptRunner.scriptThread] [INFO ] identified as SELECT query
[2024-11-25 00:00:53,335] [6940 ] [ScriptRunner.scriptThread] [INFO ] fetched column details. number of columns: 5
[2024-11-25 00:00:53,535] [6940 ] [ScriptRunner.scriptThread] [INFO ] fetching relationship details of table name: chat_history
[2024-11-25 00:00:53,713] [6940 ] [ScriptRunner.scriptThread] [INFO ] identifying query type...
[2024-11-25 00:00:53,896] [6940 ] [ScriptRunner.scriptThread] [INFO ] identified as SELECT query
[2024-11-25 00:00:54,079] [6940 ] [ScriptRunner.scriptThread] [INFO ] fetched relationship details. number of relationships: 0
[2024-11-25 00:00:54,240] [6940 ] [ScriptRunner.scriptThread] [INFO ] database metadata written to data/metadata/database.txt
[2024-11-25 00:01:50,020] [6940 ] [ScriptRunner.scriptThread] [INFO ] identifying query type...
[2024-11-25 00:01:50,165] [6940 ] [ScriptRunner.scriptThread] [INFO ] identified as SELECT query
[2024-11-25 00:01:50,321] [6940 ] [ScriptRunner.scriptThread] [INFO ] validating query...
[2024-11-25 00:01:50,460] [6940 ] [ScriptRunner.scriptThread] [INFO ] identifying query type...
[2024-11-25 00:01:50,629] [6940 ] [ScriptRunner.scriptThread] [INFO ] identified as UNKNOWN query
[2024-11-25 00:10:37,947] [6940 ] [ScriptRunner.scriptThread] [INFO ] identifying query type...
[2024-11-25 00:10:37,947] [6940 ] [ScriptRunner.scriptThread] [INFO ] identifying query type...
[2024-11-25 00:10:37,947] [6940 ] [ScriptRunner.scriptThread] [INFO ] identifying query type...
[2024-11-25 00:10:38,123] [6940 ] [ScriptRunner.scriptThread] [INFO ] identified as SELECT query
[2024-11-25 00:10:38,123] [6940 ] [ScriptRunner.scriptThread] [INFO ] identified as SELECT query
[2024-11-25 00:10:38,123] [6940 ] [ScriptRunner.scriptThread] [INFO ] identified as SELECT query
[2024-11-25 00:10:38,281] [6940 ] [ScriptRunner.scriptThread] [INFO ] validating query...
[2024-11-25 00:10:38,281] [6940 ] [ScriptRunner.scriptThread] [INFO ] validating query...
[2024-11-25 00:10:38,281] [6940 ] [ScriptRunner.scriptThread] [INFO ] validating query...
[2024-11-25 00:10:38,433] [6940 ] [ScriptRunner.scriptThread] [INFO ] identifying query type...
[2024-11-25 00:10:38,433] [6940 ] [ScriptRunner.scriptThread] [INFO ] identifying query type...
[2024-11-25 00:10:38,433] [6940 ] [ScriptRunner.scriptThread] [INFO ] identifying query type...
[2024-11-25 00:10:38,620] [6940 ] [ScriptRunner.scriptThread] [INFO ] identified as UNKNOWN query
[2024-11-25 00:10:38,620] [6940 ] [ScriptRunner.scriptThread] [INFO ] identified as UNKNOWN query
[2024-11-25 00:10:38,620] [6940 ] [ScriptRunner.scriptThread] [INFO ] identified as UNKNOWN query
[2024-11-25 00:10:38,791] [6940 ] [ScriptRunner.scriptThread] [INFO ] creating postgres connection string...
[2024-11-25 00:10:38,791] [6940 ] [ScriptRunner.scriptThread] [INFO ] creating postgres connection string...
[2024-11-25 00:10:38,791] [6940 ] [ScriptRunner.scriptThread] [INFO ] creating postgres connection string...
[2024-11-25 00:10:38,982] [6940 ] [ScriptRunner.scriptThread] [INFO ] created
[2024-11-25 00:10:38,982] [6940 ] [ScriptRunner.scriptThread] [INFO ] created
[2024-11-25 00:10:38,982] [6940 ] [ScriptRunner.scriptThread] [INFO ] created
[2024-11-25 00:10:39,172] [6940 ] [ScriptRunner.scriptThread] [INFO ] connecting to database...
[2024-11-25 00:10:39,172] [6940 ] [ScriptRunner.scriptThread] [INFO ] connecting to database...
[2024-11-25 00:10:39,172] [6940 ] [ScriptRunner.scriptThread] [INFO ] connecting to database...
[2024-11-25 00:10:39,356] [6940 ] [ScriptRunner.scriptThread] [ERROR] invalid integer value "None" for connection option "port"
Traceback (most recent call last):
  File "C:\Users\Nitin\Desktop\hackathon\Ideax\New folder\query-ease\utility\database.py", line 113, in __create_postgres_connection
    cls.__connection = psycopg2.connect(connection_info)
                       ^^^^^^^^^^^^^^^^^^^^^^^^^^^^^^^^^
  File "C:\Users\Nitin\Desktop\hackathon\Ideax\New folder\query-ease\_venv\Lib\site-packages\psycopg2\__init__.py", line 122, in connect
    conn = _connect(dsn, connection_factory=connection_factory, **kwasync)
           ^^^^^^^^^^^^^^^^^^^^^^^^^^^^^^^^^^^^^^^^^^^^^^^^^^^^^^^^^^^^^^^
psycopg2.OperationalError: invalid integer value "None" for connection option "port"

[2024-11-25 00:10:39,356] [6940 ] [ScriptRunner.scriptThread] [ERROR] invalid integer value "None" for connection option "port"
Traceback (most recent call last):
  File "C:\Users\Nitin\Desktop\hackathon\Ideax\New folder\query-ease\utility\database.py", line 113, in __create_postgres_connection
    cls.__connection = psycopg2.connect(connection_info)
                       ^^^^^^^^^^^^^^^^^^^^^^^^^^^^^^^^^
  File "C:\Users\Nitin\Desktop\hackathon\Ideax\New folder\query-ease\_venv\Lib\site-packages\psycopg2\__init__.py", line 122, in connect
    conn = _connect(dsn, connection_factory=connection_factory, **kwasync)
           ^^^^^^^^^^^^^^^^^^^^^^^^^^^^^^^^^^^^^^^^^^^^^^^^^^^^^^^^^^^^^^^
psycopg2.OperationalError: invalid integer value "None" for connection option "port"

[2024-11-25 00:10:39,356] [6940 ] [ScriptRunner.scriptThread] [ERROR] invalid integer value "None" for connection option "port"
Traceback (most recent call last):
  File "C:\Users\Nitin\Desktop\hackathon\Ideax\New folder\query-ease\utility\database.py", line 113, in __create_postgres_connection
    cls.__connection = psycopg2.connect(connection_info)
                       ^^^^^^^^^^^^^^^^^^^^^^^^^^^^^^^^^
  File "C:\Users\Nitin\Desktop\hackathon\Ideax\New folder\query-ease\_venv\Lib\site-packages\psycopg2\__init__.py", line 122, in connect
    conn = _connect(dsn, connection_factory=connection_factory, **kwasync)
           ^^^^^^^^^^^^^^^^^^^^^^^^^^^^^^^^^^^^^^^^^^^^^^^^^^^^^^^^^^^^^^^
psycopg2.OperationalError: invalid integer value "None" for connection option "port"

[2024-11-25 00:10:42,886] [6940 ] [ScriptRunner.scriptThread] [INFO ] resetting database details...
[2024-11-25 00:10:42,886] [6940 ] [ScriptRunner.scriptThread] [INFO ] resetting database details...
[2024-11-25 00:10:42,886] [6940 ] [ScriptRunner.scriptThread] [INFO ] resetting database details...
[2024-11-25 00:10:43,145] [6940 ] [ScriptRunner.scriptThread] [INFO ] database is ready to connect to postgres database of localhost host at port: 5433
[2024-11-25 00:10:43,145] [6940 ] [ScriptRunner.scriptThread] [INFO ] database is ready to connect to postgres database of localhost host at port: 5433
[2024-11-25 00:10:43,145] [6940 ] [ScriptRunner.scriptThread] [INFO ] database is ready to connect to postgres database of localhost host at port: 5433
[2024-11-25 00:10:43,315] [6940 ] [ScriptRunner.scriptThread] [INFO ] obtaining details to create database metadata file: data/metadata/database.txt
[2024-11-25 00:10:43,315] [6940 ] [ScriptRunner.scriptThread] [INFO ] obtaining details to create database metadata file: data/metadata/database.txt
[2024-11-25 00:10:43,315] [6940 ] [ScriptRunner.scriptThread] [INFO ] obtaining details to create database metadata file: data/metadata/database.txt
[2024-11-25 00:10:43,489] [6940 ] [ScriptRunner.scriptThread] [INFO ] fetching all schema names from database...
[2024-11-25 00:10:43,489] [6940 ] [ScriptRunner.scriptThread] [INFO ] fetching all schema names from database...
[2024-11-25 00:10:43,489] [6940 ] [ScriptRunner.scriptThread] [INFO ] fetching all schema names from database...
[2024-11-25 00:10:43,663] [6940 ] [ScriptRunner.scriptThread] [INFO ] identifying query type...
[2024-11-25 00:10:43,663] [6940 ] [ScriptRunner.scriptThread] [INFO ] identifying query type...
[2024-11-25 00:10:43,663] [6940 ] [ScriptRunner.scriptThread] [INFO ] identifying query type...
[2024-11-25 00:10:43,856] [6940 ] [ScriptRunner.scriptThread] [INFO ] identified as SELECT query
[2024-11-25 00:10:43,856] [6940 ] [ScriptRunner.scriptThread] [INFO ] identified as SELECT query
[2024-11-25 00:10:43,856] [6940 ] [ScriptRunner.scriptThread] [INFO ] identified as SELECT query
[2024-11-25 00:10:44,052] [6940 ] [ScriptRunner.scriptThread] [INFO ] creating postgres connection string...
[2024-11-25 00:10:44,052] [6940 ] [ScriptRunner.scriptThread] [INFO ] creating postgres connection string...
[2024-11-25 00:10:44,052] [6940 ] [ScriptRunner.scriptThread] [INFO ] creating postgres connection string...
[2024-11-25 00:10:44,243] [6940 ] [ScriptRunner.scriptThread] [INFO ] created
[2024-11-25 00:10:44,243] [6940 ] [ScriptRunner.scriptThread] [INFO ] created
[2024-11-25 00:10:44,243] [6940 ] [ScriptRunner.scriptThread] [INFO ] created
[2024-11-25 00:10:44,443] [6940 ] [ScriptRunner.scriptThread] [INFO ] connecting to database...
[2024-11-25 00:10:44,443] [6940 ] [ScriptRunner.scriptThread] [INFO ] connecting to database...
[2024-11-25 00:10:44,443] [6940 ] [ScriptRunner.scriptThread] [INFO ] connecting to database...
[2024-11-25 00:10:44,702] [6940 ] [ScriptRunner.scriptThread] [INFO ] connected
[2024-11-25 00:10:44,702] [6940 ] [ScriptRunner.scriptThread] [INFO ] connected
[2024-11-25 00:10:44,702] [6940 ] [ScriptRunner.scriptThread] [INFO ] connected
[2024-11-25 00:10:44,888] [6940 ] [ScriptRunner.scriptThread] [INFO ] fetched all schema names. number of schema names: 1
[2024-11-25 00:10:44,888] [6940 ] [ScriptRunner.scriptThread] [INFO ] fetched all schema names. number of schema names: 1
[2024-11-25 00:10:44,888] [6940 ] [ScriptRunner.scriptThread] [INFO ] fetched all schema names. number of schema names: 1
[2024-11-25 00:10:45,047] [6940 ] [ScriptRunner.scriptThread] [INFO ] fetching all the table names of schema: public...
[2024-11-25 00:10:45,047] [6940 ] [ScriptRunner.scriptThread] [INFO ] fetching all the table names of schema: public...
[2024-11-25 00:10:45,047] [6940 ] [ScriptRunner.scriptThread] [INFO ] fetching all the table names of schema: public...
[2024-11-25 00:10:45,225] [6940 ] [ScriptRunner.scriptThread] [INFO ] identifying query type...
[2024-11-25 00:10:45,225] [6940 ] [ScriptRunner.scriptThread] [INFO ] identifying query type...
[2024-11-25 00:10:45,225] [6940 ] [ScriptRunner.scriptThread] [INFO ] identifying query type...
[2024-11-25 00:10:45,411] [6940 ] [ScriptRunner.scriptThread] [INFO ] identified as SELECT query
[2024-11-25 00:10:45,411] [6940 ] [ScriptRunner.scriptThread] [INFO ] identified as SELECT query
[2024-11-25 00:10:45,411] [6940 ] [ScriptRunner.scriptThread] [INFO ] identified as SELECT query
[2024-11-25 00:10:45,606] [6940 ] [ScriptRunner.scriptThread] [INFO ] fetched all table names. number of tables: 7
[2024-11-25 00:10:45,606] [6940 ] [ScriptRunner.scriptThread] [INFO ] fetched all table names. number of tables: 7
[2024-11-25 00:10:45,606] [6940 ] [ScriptRunner.scriptThread] [INFO ] fetched all table names. number of tables: 7
[2024-11-25 00:10:45,777] [6940 ] [ScriptRunner.scriptThread] [INFO ] fetching column details of table: subject
[2024-11-25 00:10:45,777] [6940 ] [ScriptRunner.scriptThread] [INFO ] fetching column details of table: subject
[2024-11-25 00:10:45,777] [6940 ] [ScriptRunner.scriptThread] [INFO ] fetching column details of table: subject
[2024-11-25 00:10:45,950] [6940 ] [ScriptRunner.scriptThread] [INFO ] identifying query type...
[2024-11-25 00:10:45,950] [6940 ] [ScriptRunner.scriptThread] [INFO ] identifying query type...
[2024-11-25 00:10:45,950] [6940 ] [ScriptRunner.scriptThread] [INFO ] identifying query type...
[2024-11-25 00:10:46,140] [6940 ] [ScriptRunner.scriptThread] [INFO ] identified as SELECT query
[2024-11-25 00:10:46,140] [6940 ] [ScriptRunner.scriptThread] [INFO ] identified as SELECT query
[2024-11-25 00:10:46,140] [6940 ] [ScriptRunner.scriptThread] [INFO ] identified as SELECT query
[2024-11-25 00:10:46,397] [6940 ] [ScriptRunner.scriptThread] [INFO ] fetched column details. number of columns: 5
[2024-11-25 00:10:46,397] [6940 ] [ScriptRunner.scriptThread] [INFO ] fetched column details. number of columns: 5
[2024-11-25 00:10:46,397] [6940 ] [ScriptRunner.scriptThread] [INFO ] fetched column details. number of columns: 5
[2024-11-25 00:10:46,574] [6940 ] [ScriptRunner.scriptThread] [INFO ] fetching relationship details of table name: subject
[2024-11-25 00:10:46,574] [6940 ] [ScriptRunner.scriptThread] [INFO ] fetching relationship details of table name: subject
[2024-11-25 00:10:46,574] [6940 ] [ScriptRunner.scriptThread] [INFO ] fetching relationship details of table name: subject
[2024-11-25 00:10:46,758] [6940 ] [ScriptRunner.scriptThread] [INFO ] identifying query type...
[2024-11-25 00:10:46,758] [6940 ] [ScriptRunner.scriptThread] [INFO ] identifying query type...
[2024-11-25 00:10:46,758] [6940 ] [ScriptRunner.scriptThread] [INFO ] identifying query type...
[2024-11-25 00:10:46,948] [6940 ] [ScriptRunner.scriptThread] [INFO ] identified as SELECT query
[2024-11-25 00:10:46,948] [6940 ] [ScriptRunner.scriptThread] [INFO ] identified as SELECT query
[2024-11-25 00:10:46,948] [6940 ] [ScriptRunner.scriptThread] [INFO ] identified as SELECT query
[2024-11-25 00:10:47,186] [6940 ] [ScriptRunner.scriptThread] [INFO ] fetched relationship details. number of relationships: 2
[2024-11-25 00:10:47,186] [6940 ] [ScriptRunner.scriptThread] [INFO ] fetched relationship details. number of relationships: 2
[2024-11-25 00:10:47,186] [6940 ] [ScriptRunner.scriptThread] [INFO ] fetched relationship details. number of relationships: 2
[2024-11-25 00:10:47,355] [6940 ] [ScriptRunner.scriptThread] [INFO ] fetching column details of table: department
[2024-11-25 00:10:47,355] [6940 ] [ScriptRunner.scriptThread] [INFO ] fetching column details of table: department
[2024-11-25 00:10:47,355] [6940 ] [ScriptRunner.scriptThread] [INFO ] fetching column details of table: department
[2024-11-25 00:10:47,541] [6940 ] [ScriptRunner.scriptThread] [INFO ] identifying query type...
[2024-11-25 00:10:47,541] [6940 ] [ScriptRunner.scriptThread] [INFO ] identifying query type...
[2024-11-25 00:10:47,541] [6940 ] [ScriptRunner.scriptThread] [INFO ] identifying query type...
[2024-11-25 00:10:47,736] [6940 ] [ScriptRunner.scriptThread] [INFO ] identified as SELECT query
[2024-11-25 00:10:47,736] [6940 ] [ScriptRunner.scriptThread] [INFO ] identified as SELECT query
[2024-11-25 00:10:47,736] [6940 ] [ScriptRunner.scriptThread] [INFO ] identified as SELECT query
[2024-11-25 00:10:47,937] [6940 ] [ScriptRunner.scriptThread] [INFO ] fetched column details. number of columns: 4
[2024-11-25 00:10:47,937] [6940 ] [ScriptRunner.scriptThread] [INFO ] fetched column details. number of columns: 4
[2024-11-25 00:10:47,937] [6940 ] [ScriptRunner.scriptThread] [INFO ] fetched column details. number of columns: 4
[2024-11-25 00:10:48,109] [6940 ] [ScriptRunner.scriptThread] [INFO ] fetching relationship details of table name: department
[2024-11-25 00:10:48,109] [6940 ] [ScriptRunner.scriptThread] [INFO ] fetching relationship details of table name: department
[2024-11-25 00:10:48,109] [6940 ] [ScriptRunner.scriptThread] [INFO ] fetching relationship details of table name: department
[2024-11-25 00:10:48,296] [6940 ] [ScriptRunner.scriptThread] [INFO ] identifying query type...
[2024-11-25 00:10:48,296] [6940 ] [ScriptRunner.scriptThread] [INFO ] identifying query type...
[2024-11-25 00:10:48,296] [6940 ] [ScriptRunner.scriptThread] [INFO ] identifying query type...
[2024-11-25 00:10:48,518] [6940 ] [ScriptRunner.scriptThread] [INFO ] identified as SELECT query
[2024-11-25 00:10:48,518] [6940 ] [ScriptRunner.scriptThread] [INFO ] identified as SELECT query
[2024-11-25 00:10:48,518] [6940 ] [ScriptRunner.scriptThread] [INFO ] identified as SELECT query
[2024-11-25 00:10:48,722] [6940 ] [ScriptRunner.scriptThread] [INFO ] fetched relationship details. number of relationships: 0
[2024-11-25 00:10:48,722] [6940 ] [ScriptRunner.scriptThread] [INFO ] fetched relationship details. number of relationships: 0
[2024-11-25 00:10:48,722] [6940 ] [ScriptRunner.scriptThread] [INFO ] fetched relationship details. number of relationships: 0
[2024-11-25 00:10:48,903] [6940 ] [ScriptRunner.scriptThread] [INFO ] fetching column details of table: student
[2024-11-25 00:10:48,903] [6940 ] [ScriptRunner.scriptThread] [INFO ] fetching column details of table: student
[2024-11-25 00:10:48,903] [6940 ] [ScriptRunner.scriptThread] [INFO ] fetching column details of table: student
[2024-11-25 00:10:49,118] [6940 ] [ScriptRunner.scriptThread] [INFO ] identifying query type...
[2024-11-25 00:10:49,118] [6940 ] [ScriptRunner.scriptThread] [INFO ] identifying query type...
[2024-11-25 00:10:49,118] [6940 ] [ScriptRunner.scriptThread] [INFO ] identifying query type...
[2024-11-25 00:10:49,314] [6940 ] [ScriptRunner.scriptThread] [INFO ] identified as SELECT query
[2024-11-25 00:10:49,314] [6940 ] [ScriptRunner.scriptThread] [INFO ] identified as SELECT query
[2024-11-25 00:10:49,314] [6940 ] [ScriptRunner.scriptThread] [INFO ] identified as SELECT query
[2024-11-25 00:10:49,507] [6940 ] [ScriptRunner.scriptThread] [INFO ] fetched column details. number of columns: 4
[2024-11-25 00:10:49,507] [6940 ] [ScriptRunner.scriptThread] [INFO ] fetched column details. number of columns: 4
[2024-11-25 00:10:49,507] [6940 ] [ScriptRunner.scriptThread] [INFO ] fetched column details. number of columns: 4
[2024-11-25 00:10:49,677] [6940 ] [ScriptRunner.scriptThread] [INFO ] fetching relationship details of table name: student
[2024-11-25 00:10:49,677] [6940 ] [ScriptRunner.scriptThread] [INFO ] fetching relationship details of table name: student
[2024-11-25 00:10:49,677] [6940 ] [ScriptRunner.scriptThread] [INFO ] fetching relationship details of table name: student
[2024-11-25 00:10:49,857] [6940 ] [ScriptRunner.scriptThread] [INFO ] identifying query type...
[2024-11-25 00:10:49,857] [6940 ] [ScriptRunner.scriptThread] [INFO ] identifying query type...
[2024-11-25 00:10:49,857] [6940 ] [ScriptRunner.scriptThread] [INFO ] identifying query type...
[2024-11-25 00:10:50,068] [6940 ] [ScriptRunner.scriptThread] [INFO ] identified as SELECT query
[2024-11-25 00:10:50,068] [6940 ] [ScriptRunner.scriptThread] [INFO ] identified as SELECT query
[2024-11-25 00:10:50,068] [6940 ] [ScriptRunner.scriptThread] [INFO ] identified as SELECT query
[2024-11-25 00:10:50,277] [6940 ] [ScriptRunner.scriptThread] [INFO ] fetched relationship details. number of relationships: 1
[2024-11-25 00:10:50,277] [6940 ] [ScriptRunner.scriptThread] [INFO ] fetched relationship details. number of relationships: 1
[2024-11-25 00:10:50,277] [6940 ] [ScriptRunner.scriptThread] [INFO ] fetched relationship details. number of relationships: 1
[2024-11-25 00:10:50,462] [6940 ] [ScriptRunner.scriptThread] [INFO ] fetching column details of table: teacher
[2024-11-25 00:10:50,462] [6940 ] [ScriptRunner.scriptThread] [INFO ] fetching column details of table: teacher
[2024-11-25 00:10:50,462] [6940 ] [ScriptRunner.scriptThread] [INFO ] fetching column details of table: teacher
[2024-11-25 00:10:50,633] [6940 ] [ScriptRunner.scriptThread] [INFO ] identifying query type...
[2024-11-25 00:10:50,633] [6940 ] [ScriptRunner.scriptThread] [INFO ] identifying query type...
[2024-11-25 00:10:50,633] [6940 ] [ScriptRunner.scriptThread] [INFO ] identifying query type...
[2024-11-25 00:10:50,868] [6940 ] [ScriptRunner.scriptThread] [INFO ] identified as SELECT query
[2024-11-25 00:10:50,868] [6940 ] [ScriptRunner.scriptThread] [INFO ] identified as SELECT query
[2024-11-25 00:10:50,868] [6940 ] [ScriptRunner.scriptThread] [INFO ] identified as SELECT query
[2024-11-25 00:10:51,054] [6940 ] [ScriptRunner.scriptThread] [INFO ] fetched column details. number of columns: 4
[2024-11-25 00:10:51,054] [6940 ] [ScriptRunner.scriptThread] [INFO ] fetched column details. number of columns: 4
[2024-11-25 00:10:51,054] [6940 ] [ScriptRunner.scriptThread] [INFO ] fetched column details. number of columns: 4
[2024-11-25 00:10:51,241] [6940 ] [ScriptRunner.scriptThread] [INFO ] fetching relationship details of table name: teacher
[2024-11-25 00:10:51,241] [6940 ] [ScriptRunner.scriptThread] [INFO ] fetching relationship details of table name: teacher
[2024-11-25 00:10:51,241] [6940 ] [ScriptRunner.scriptThread] [INFO ] fetching relationship details of table name: teacher
[2024-11-25 00:10:51,421] [6940 ] [ScriptRunner.scriptThread] [INFO ] identifying query type...
[2024-11-25 00:10:51,421] [6940 ] [ScriptRunner.scriptThread] [INFO ] identifying query type...
[2024-11-25 00:10:51,421] [6940 ] [ScriptRunner.scriptThread] [INFO ] identifying query type...
[2024-11-25 00:10:51,642] [6940 ] [ScriptRunner.scriptThread] [INFO ] identified as SELECT query
[2024-11-25 00:10:51,642] [6940 ] [ScriptRunner.scriptThread] [INFO ] identified as SELECT query
[2024-11-25 00:10:51,642] [6940 ] [ScriptRunner.scriptThread] [INFO ] identified as SELECT query
[2024-11-25 00:10:51,851] [6940 ] [ScriptRunner.scriptThread] [INFO ] fetched relationship details. number of relationships: 1
[2024-11-25 00:10:51,851] [6940 ] [ScriptRunner.scriptThread] [INFO ] fetched relationship details. number of relationships: 1
[2024-11-25 00:10:51,851] [6940 ] [ScriptRunner.scriptThread] [INFO ] fetched relationship details. number of relationships: 1
[2024-11-25 00:10:52,045] [6940 ] [ScriptRunner.scriptThread] [INFO ] fetching column details of table: enrollment
[2024-11-25 00:10:52,045] [6940 ] [ScriptRunner.scriptThread] [INFO ] fetching column details of table: enrollment
[2024-11-25 00:10:52,045] [6940 ] [ScriptRunner.scriptThread] [INFO ] fetching column details of table: enrollment
[2024-11-25 00:10:52,210] [6940 ] [ScriptRunner.scriptThread] [INFO ] identifying query type...
[2024-11-25 00:10:52,210] [6940 ] [ScriptRunner.scriptThread] [INFO ] identifying query type...
[2024-11-25 00:10:52,210] [6940 ] [ScriptRunner.scriptThread] [INFO ] identifying query type...
[2024-11-25 00:10:52,411] [6940 ] [ScriptRunner.scriptThread] [INFO ] identified as SELECT query
[2024-11-25 00:10:52,411] [6940 ] [ScriptRunner.scriptThread] [INFO ] identified as SELECT query
[2024-11-25 00:10:52,411] [6940 ] [ScriptRunner.scriptThread] [INFO ] identified as SELECT query
[2024-11-25 00:10:52,612] [6940 ] [ScriptRunner.scriptThread] [INFO ] fetched column details. number of columns: 5
[2024-11-25 00:10:52,612] [6940 ] [ScriptRunner.scriptThread] [INFO ] fetched column details. number of columns: 5
[2024-11-25 00:10:52,612] [6940 ] [ScriptRunner.scriptThread] [INFO ] fetched column details. number of columns: 5
[2024-11-25 00:10:52,792] [6940 ] [ScriptRunner.scriptThread] [INFO ] fetching relationship details of table name: enrollment
[2024-11-25 00:10:52,792] [6940 ] [ScriptRunner.scriptThread] [INFO ] fetching relationship details of table name: enrollment
[2024-11-25 00:10:52,792] [6940 ] [ScriptRunner.scriptThread] [INFO ] fetching relationship details of table name: enrollment
[2024-11-25 00:10:52,986] [6940 ] [ScriptRunner.scriptThread] [INFO ] identifying query type...
[2024-11-25 00:10:52,986] [6940 ] [ScriptRunner.scriptThread] [INFO ] identifying query type...
[2024-11-25 00:10:52,986] [6940 ] [ScriptRunner.scriptThread] [INFO ] identifying query type...
[2024-11-25 00:10:53,207] [6940 ] [ScriptRunner.scriptThread] [INFO ] identified as SELECT query
[2024-11-25 00:10:53,207] [6940 ] [ScriptRunner.scriptThread] [INFO ] identified as SELECT query
[2024-11-25 00:10:53,207] [6940 ] [ScriptRunner.scriptThread] [INFO ] identified as SELECT query
[2024-11-25 00:10:53,411] [6940 ] [ScriptRunner.scriptThread] [INFO ] fetched relationship details. number of relationships: 2
[2024-11-25 00:10:53,411] [6940 ] [ScriptRunner.scriptThread] [INFO ] fetched relationship details. number of relationships: 2
[2024-11-25 00:10:53,411] [6940 ] [ScriptRunner.scriptThread] [INFO ] fetched relationship details. number of relationships: 2
[2024-11-25 00:10:53,580] [6940 ] [ScriptRunner.scriptThread] [INFO ] fetching column details of table: conversation_history
[2024-11-25 00:10:53,580] [6940 ] [ScriptRunner.scriptThread] [INFO ] fetching column details of table: conversation_history
[2024-11-25 00:10:53,580] [6940 ] [ScriptRunner.scriptThread] [INFO ] fetching column details of table: conversation_history
[2024-11-25 00:10:53,762] [6940 ] [ScriptRunner.scriptThread] [INFO ] identifying query type...
[2024-11-25 00:10:53,762] [6940 ] [ScriptRunner.scriptThread] [INFO ] identifying query type...
[2024-11-25 00:10:53,762] [6940 ] [ScriptRunner.scriptThread] [INFO ] identifying query type...
[2024-11-25 00:10:53,954] [6940 ] [ScriptRunner.scriptThread] [INFO ] identified as SELECT query
[2024-11-25 00:10:53,954] [6940 ] [ScriptRunner.scriptThread] [INFO ] identified as SELECT query
[2024-11-25 00:10:53,954] [6940 ] [ScriptRunner.scriptThread] [INFO ] identified as SELECT query
[2024-11-25 00:10:54,160] [6940 ] [ScriptRunner.scriptThread] [INFO ] fetched column details. number of columns: 5
[2024-11-25 00:10:54,160] [6940 ] [ScriptRunner.scriptThread] [INFO ] fetched column details. number of columns: 5
[2024-11-25 00:10:54,160] [6940 ] [ScriptRunner.scriptThread] [INFO ] fetched column details. number of columns: 5
[2024-11-25 00:10:54,346] [6940 ] [ScriptRunner.scriptThread] [INFO ] fetching relationship details of table name: conversation_history
[2024-11-25 00:10:54,346] [6940 ] [ScriptRunner.scriptThread] [INFO ] fetching relationship details of table name: conversation_history
[2024-11-25 00:10:54,346] [6940 ] [ScriptRunner.scriptThread] [INFO ] fetching relationship details of table name: conversation_history
[2024-11-25 00:10:54,515] [6940 ] [ScriptRunner.scriptThread] [INFO ] identifying query type...
[2024-11-25 00:10:54,515] [6940 ] [ScriptRunner.scriptThread] [INFO ] identifying query type...
[2024-11-25 00:10:54,515] [6940 ] [ScriptRunner.scriptThread] [INFO ] identifying query type...
[2024-11-25 00:10:54,721] [6940 ] [ScriptRunner.scriptThread] [INFO ] identified as SELECT query
[2024-11-25 00:10:54,721] [6940 ] [ScriptRunner.scriptThread] [INFO ] identified as SELECT query
[2024-11-25 00:10:54,721] [6940 ] [ScriptRunner.scriptThread] [INFO ] identified as SELECT query
[2024-11-25 00:10:54,918] [6940 ] [ScriptRunner.scriptThread] [INFO ] fetched relationship details. number of relationships: 0
[2024-11-25 00:10:54,918] [6940 ] [ScriptRunner.scriptThread] [INFO ] fetched relationship details. number of relationships: 0
[2024-11-25 00:10:54,918] [6940 ] [ScriptRunner.scriptThread] [INFO ] fetched relationship details. number of relationships: 0
[2024-11-25 00:10:55,097] [6940 ] [ScriptRunner.scriptThread] [INFO ] fetching column details of table: chat_history
[2024-11-25 00:10:55,097] [6940 ] [ScriptRunner.scriptThread] [INFO ] fetching column details of table: chat_history
[2024-11-25 00:10:55,097] [6940 ] [ScriptRunner.scriptThread] [INFO ] fetching column details of table: chat_history
[2024-11-25 00:10:55,279] [6940 ] [ScriptRunner.scriptThread] [INFO ] identifying query type...
[2024-11-25 00:10:55,279] [6940 ] [ScriptRunner.scriptThread] [INFO ] identifying query type...
[2024-11-25 00:10:55,279] [6940 ] [ScriptRunner.scriptThread] [INFO ] identifying query type...
[2024-11-25 00:10:55,471] [6940 ] [ScriptRunner.scriptThread] [INFO ] identified as SELECT query
[2024-11-25 00:10:55,471] [6940 ] [ScriptRunner.scriptThread] [INFO ] identified as SELECT query
[2024-11-25 00:10:55,471] [6940 ] [ScriptRunner.scriptThread] [INFO ] identified as SELECT query
[2024-11-25 00:10:55,678] [6940 ] [ScriptRunner.scriptThread] [INFO ] fetched column details. number of columns: 5
[2024-11-25 00:10:55,678] [6940 ] [ScriptRunner.scriptThread] [INFO ] fetched column details. number of columns: 5
[2024-11-25 00:10:55,678] [6940 ] [ScriptRunner.scriptThread] [INFO ] fetched column details. number of columns: 5
[2024-11-25 00:10:55,862] [6940 ] [ScriptRunner.scriptThread] [INFO ] fetching relationship details of table name: chat_history
[2024-11-25 00:10:55,862] [6940 ] [ScriptRunner.scriptThread] [INFO ] fetching relationship details of table name: chat_history
[2024-11-25 00:10:55,862] [6940 ] [ScriptRunner.scriptThread] [INFO ] fetching relationship details of table name: chat_history
[2024-11-25 00:10:56,039] [6940 ] [ScriptRunner.scriptThread] [INFO ] identifying query type...
[2024-11-25 00:10:56,039] [6940 ] [ScriptRunner.scriptThread] [INFO ] identifying query type...
[2024-11-25 00:10:56,039] [6940 ] [ScriptRunner.scriptThread] [INFO ] identifying query type...
[2024-11-25 00:10:56,247] [6940 ] [ScriptRunner.scriptThread] [INFO ] identified as SELECT query
[2024-11-25 00:10:56,247] [6940 ] [ScriptRunner.scriptThread] [INFO ] identified as SELECT query
[2024-11-25 00:10:56,247] [6940 ] [ScriptRunner.scriptThread] [INFO ] identified as SELECT query
[2024-11-25 00:10:56,445] [6940 ] [ScriptRunner.scriptThread] [INFO ] fetched relationship details. number of relationships: 0
[2024-11-25 00:10:56,445] [6940 ] [ScriptRunner.scriptThread] [INFO ] fetched relationship details. number of relationships: 0
[2024-11-25 00:10:56,445] [6940 ] [ScriptRunner.scriptThread] [INFO ] fetched relationship details. number of relationships: 0
[2024-11-25 00:10:56,636] [6940 ] [ScriptRunner.scriptThread] [INFO ] database metadata written to data/metadata/database.txt
[2024-11-25 00:10:56,636] [6940 ] [ScriptRunner.scriptThread] [INFO ] database metadata written to data/metadata/database.txt
[2024-11-25 00:10:56,636] [6940 ] [ScriptRunner.scriptThread] [INFO ] database metadata written to data/metadata/database.txt
[2024-11-25 00:11:23,630] [6940 ] [ScriptRunner.scriptThread] [INFO ] identifying query type...
[2024-11-25 00:11:23,630] [6940 ] [ScriptRunner.scriptThread] [INFO ] identifying query type...
[2024-11-25 00:11:23,630] [6940 ] [ScriptRunner.scriptThread] [INFO ] identifying query type...
[2024-11-25 00:11:23,797] [6940 ] [ScriptRunner.scriptThread] [INFO ] identified as SELECT query
[2024-11-25 00:11:23,797] [6940 ] [ScriptRunner.scriptThread] [INFO ] identified as SELECT query
[2024-11-25 00:11:23,797] [6940 ] [ScriptRunner.scriptThread] [INFO ] identified as SELECT query
[2024-11-25 00:11:23,978] [6940 ] [ScriptRunner.scriptThread] [INFO ] validating query...
[2024-11-25 00:11:23,978] [6940 ] [ScriptRunner.scriptThread] [INFO ] validating query...
[2024-11-25 00:11:23,978] [6940 ] [ScriptRunner.scriptThread] [INFO ] validating query...
[2024-11-25 00:11:24,135] [6940 ] [ScriptRunner.scriptThread] [INFO ] identifying query type...
[2024-11-25 00:11:24,135] [6940 ] [ScriptRunner.scriptThread] [INFO ] identifying query type...
[2024-11-25 00:11:24,135] [6940 ] [ScriptRunner.scriptThread] [INFO ] identifying query type...
[2024-11-25 00:11:24,309] [6940 ] [ScriptRunner.scriptThread] [INFO ] identified as UNKNOWN query
[2024-11-25 00:11:24,309] [6940 ] [ScriptRunner.scriptThread] [INFO ] identified as UNKNOWN query
[2024-11-25 00:11:24,309] [6940 ] [ScriptRunner.scriptThread] [INFO ] identified as UNKNOWN query
[2024-11-25 00:14:42,843] [6940 ] [ScriptRunner.scriptThread] [INFO ] identifying query type...
[2024-11-25 00:14:42,843] [6940 ] [ScriptRunner.scriptThread] [INFO ] identifying query type...
[2024-11-25 00:14:42,843] [6940 ] [ScriptRunner.scriptThread] [INFO ] identifying query type...
[2024-11-25 00:14:42,843] [6940 ] [ScriptRunner.scriptThread] [INFO ] identifying query type...
[2024-11-25 00:14:42,843] [6940 ] [ScriptRunner.scriptThread] [INFO ] identifying query type...
[2024-11-25 00:14:43,026] [6940 ] [ScriptRunner.scriptThread] [INFO ] identified as SELECT query
[2024-11-25 00:14:43,026] [6940 ] [ScriptRunner.scriptThread] [INFO ] identified as SELECT query
[2024-11-25 00:14:43,026] [6940 ] [ScriptRunner.scriptThread] [INFO ] identified as SELECT query
[2024-11-25 00:14:43,026] [6940 ] [ScriptRunner.scriptThread] [INFO ] identified as SELECT query
[2024-11-25 00:14:43,026] [6940 ] [ScriptRunner.scriptThread] [INFO ] identified as SELECT query
[2024-11-25 00:14:43,176] [6940 ] [ScriptRunner.scriptThread] [INFO ] validating query...
[2024-11-25 00:14:43,176] [6940 ] [ScriptRunner.scriptThread] [INFO ] validating query...
[2024-11-25 00:14:43,176] [6940 ] [ScriptRunner.scriptThread] [INFO ] validating query...
[2024-11-25 00:14:43,176] [6940 ] [ScriptRunner.scriptThread] [INFO ] validating query...
[2024-11-25 00:14:43,176] [6940 ] [ScriptRunner.scriptThread] [INFO ] validating query...
[2024-11-25 00:14:43,334] [6940 ] [ScriptRunner.scriptThread] [INFO ] identifying query type...
[2024-11-25 00:14:43,334] [6940 ] [ScriptRunner.scriptThread] [INFO ] identifying query type...
[2024-11-25 00:14:43,334] [6940 ] [ScriptRunner.scriptThread] [INFO ] identifying query type...
[2024-11-25 00:14:43,334] [6940 ] [ScriptRunner.scriptThread] [INFO ] identifying query type...
[2024-11-25 00:14:43,334] [6940 ] [ScriptRunner.scriptThread] [INFO ] identifying query type...
[2024-11-25 00:14:43,507] [6940 ] [ScriptRunner.scriptThread] [INFO ] identified as UNKNOWN query
[2024-11-25 00:14:43,507] [6940 ] [ScriptRunner.scriptThread] [INFO ] identified as UNKNOWN query
[2024-11-25 00:14:43,507] [6940 ] [ScriptRunner.scriptThread] [INFO ] identified as UNKNOWN query
[2024-11-25 00:14:43,507] [6940 ] [ScriptRunner.scriptThread] [INFO ] identified as UNKNOWN query
[2024-11-25 00:14:43,507] [6940 ] [ScriptRunner.scriptThread] [INFO ] identified as UNKNOWN query
[2024-11-25 00:14:43,676] [6940 ] [ScriptRunner.scriptThread] [INFO ] creating postgres connection string...
[2024-11-25 00:14:43,676] [6940 ] [ScriptRunner.scriptThread] [INFO ] creating postgres connection string...
[2024-11-25 00:14:43,676] [6940 ] [ScriptRunner.scriptThread] [INFO ] creating postgres connection string...
[2024-11-25 00:14:43,676] [6940 ] [ScriptRunner.scriptThread] [INFO ] creating postgres connection string...
[2024-11-25 00:14:43,676] [6940 ] [ScriptRunner.scriptThread] [INFO ] creating postgres connection string...
[2024-11-25 00:14:43,858] [6940 ] [ScriptRunner.scriptThread] [INFO ] created
[2024-11-25 00:14:43,858] [6940 ] [ScriptRunner.scriptThread] [INFO ] created
[2024-11-25 00:14:43,858] [6940 ] [ScriptRunner.scriptThread] [INFO ] created
[2024-11-25 00:14:43,858] [6940 ] [ScriptRunner.scriptThread] [INFO ] created
[2024-11-25 00:14:43,858] [6940 ] [ScriptRunner.scriptThread] [INFO ] created
[2024-11-25 00:14:44,035] [6940 ] [ScriptRunner.scriptThread] [INFO ] connecting to database...
[2024-11-25 00:14:44,035] [6940 ] [ScriptRunner.scriptThread] [INFO ] connecting to database...
[2024-11-25 00:14:44,035] [6940 ] [ScriptRunner.scriptThread] [INFO ] connecting to database...
[2024-11-25 00:14:44,035] [6940 ] [ScriptRunner.scriptThread] [INFO ] connecting to database...
[2024-11-25 00:14:44,035] [6940 ] [ScriptRunner.scriptThread] [INFO ] connecting to database...
[2024-11-25 00:14:44,197] [6940 ] [ScriptRunner.scriptThread] [ERROR] invalid integer value "None" for connection option "port"
Traceback (most recent call last):
  File "C:\Users\Nitin\Desktop\hackathon\Ideax\New folder\query-ease\utility\database.py", line 113, in __create_postgres_connection
    cls.__connection = psycopg2.connect(connection_info)
                       ^^^^^^^^^^^^^^^^^^^^^^^^^^^^^^^^^
  File "C:\Users\Nitin\Desktop\hackathon\Ideax\New folder\query-ease\_venv\Lib\site-packages\psycopg2\__init__.py", line 122, in connect
    conn = _connect(dsn, connection_factory=connection_factory, **kwasync)
           ^^^^^^^^^^^^^^^^^^^^^^^^^^^^^^^^^^^^^^^^^^^^^^^^^^^^^^^^^^^^^^^
psycopg2.OperationalError: invalid integer value "None" for connection option "port"

[2024-11-25 00:14:44,197] [6940 ] [ScriptRunner.scriptThread] [ERROR] invalid integer value "None" for connection option "port"
Traceback (most recent call last):
  File "C:\Users\Nitin\Desktop\hackathon\Ideax\New folder\query-ease\utility\database.py", line 113, in __create_postgres_connection
    cls.__connection = psycopg2.connect(connection_info)
                       ^^^^^^^^^^^^^^^^^^^^^^^^^^^^^^^^^
  File "C:\Users\Nitin\Desktop\hackathon\Ideax\New folder\query-ease\_venv\Lib\site-packages\psycopg2\__init__.py", line 122, in connect
    conn = _connect(dsn, connection_factory=connection_factory, **kwasync)
           ^^^^^^^^^^^^^^^^^^^^^^^^^^^^^^^^^^^^^^^^^^^^^^^^^^^^^^^^^^^^^^^
psycopg2.OperationalError: invalid integer value "None" for connection option "port"

[2024-11-25 00:14:44,197] [6940 ] [ScriptRunner.scriptThread] [ERROR] invalid integer value "None" for connection option "port"
Traceback (most recent call last):
  File "C:\Users\Nitin\Desktop\hackathon\Ideax\New folder\query-ease\utility\database.py", line 113, in __create_postgres_connection
    cls.__connection = psycopg2.connect(connection_info)
                       ^^^^^^^^^^^^^^^^^^^^^^^^^^^^^^^^^
  File "C:\Users\Nitin\Desktop\hackathon\Ideax\New folder\query-ease\_venv\Lib\site-packages\psycopg2\__init__.py", line 122, in connect
    conn = _connect(dsn, connection_factory=connection_factory, **kwasync)
           ^^^^^^^^^^^^^^^^^^^^^^^^^^^^^^^^^^^^^^^^^^^^^^^^^^^^^^^^^^^^^^^
psycopg2.OperationalError: invalid integer value "None" for connection option "port"

[2024-11-25 00:14:44,197] [6940 ] [ScriptRunner.scriptThread] [ERROR] invalid integer value "None" for connection option "port"
Traceback (most recent call last):
  File "C:\Users\Nitin\Desktop\hackathon\Ideax\New folder\query-ease\utility\database.py", line 113, in __create_postgres_connection
    cls.__connection = psycopg2.connect(connection_info)
                       ^^^^^^^^^^^^^^^^^^^^^^^^^^^^^^^^^
  File "C:\Users\Nitin\Desktop\hackathon\Ideax\New folder\query-ease\_venv\Lib\site-packages\psycopg2\__init__.py", line 122, in connect
    conn = _connect(dsn, connection_factory=connection_factory, **kwasync)
           ^^^^^^^^^^^^^^^^^^^^^^^^^^^^^^^^^^^^^^^^^^^^^^^^^^^^^^^^^^^^^^^
psycopg2.OperationalError: invalid integer value "None" for connection option "port"

[2024-11-25 00:14:44,197] [6940 ] [ScriptRunner.scriptThread] [ERROR] invalid integer value "None" for connection option "port"
Traceback (most recent call last):
  File "C:\Users\Nitin\Desktop\hackathon\Ideax\New folder\query-ease\utility\database.py", line 113, in __create_postgres_connection
    cls.__connection = psycopg2.connect(connection_info)
                       ^^^^^^^^^^^^^^^^^^^^^^^^^^^^^^^^^
  File "C:\Users\Nitin\Desktop\hackathon\Ideax\New folder\query-ease\_venv\Lib\site-packages\psycopg2\__init__.py", line 122, in connect
    conn = _connect(dsn, connection_factory=connection_factory, **kwasync)
           ^^^^^^^^^^^^^^^^^^^^^^^^^^^^^^^^^^^^^^^^^^^^^^^^^^^^^^^^^^^^^^^
psycopg2.OperationalError: invalid integer value "None" for connection option "port"

[2024-11-25 00:15:42,243] [6940 ] [ScriptRunner.scriptThread] [INFO ] resetting database details...
[2024-11-25 00:15:42,243] [6940 ] [ScriptRunner.scriptThread] [INFO ] resetting database details...
[2024-11-25 00:15:42,243] [6940 ] [ScriptRunner.scriptThread] [INFO ] resetting database details...
[2024-11-25 00:15:42,243] [6940 ] [ScriptRunner.scriptThread] [INFO ] resetting database details...
[2024-11-25 00:15:42,243] [6940 ] [ScriptRunner.scriptThread] [INFO ] resetting database details...
[2024-11-25 00:15:42,390] [6940 ] [ScriptRunner.scriptThread] [INFO ] database is ready to connect to postgres database of localhost host at port: 5433
[2024-11-25 00:15:42,390] [6940 ] [ScriptRunner.scriptThread] [INFO ] database is ready to connect to postgres database of localhost host at port: 5433
[2024-11-25 00:15:42,390] [6940 ] [ScriptRunner.scriptThread] [INFO ] database is ready to connect to postgres database of localhost host at port: 5433
[2024-11-25 00:15:42,390] [6940 ] [ScriptRunner.scriptThread] [INFO ] database is ready to connect to postgres database of localhost host at port: 5433
[2024-11-25 00:15:42,390] [6940 ] [ScriptRunner.scriptThread] [INFO ] database is ready to connect to postgres database of localhost host at port: 5433
[2024-11-25 00:15:42,516] [6940 ] [ScriptRunner.scriptThread] [INFO ] obtaining details to create database metadata file: data/metadata/database.txt
[2024-11-25 00:15:42,516] [6940 ] [ScriptRunner.scriptThread] [INFO ] obtaining details to create database metadata file: data/metadata/database.txt
[2024-11-25 00:15:42,516] [6940 ] [ScriptRunner.scriptThread] [INFO ] obtaining details to create database metadata file: data/metadata/database.txt
[2024-11-25 00:15:42,516] [6940 ] [ScriptRunner.scriptThread] [INFO ] obtaining details to create database metadata file: data/metadata/database.txt
[2024-11-25 00:15:42,516] [6940 ] [ScriptRunner.scriptThread] [INFO ] obtaining details to create database metadata file: data/metadata/database.txt
[2024-11-25 00:15:42,667] [6940 ] [ScriptRunner.scriptThread] [INFO ] fetching all schema names from database...
[2024-11-25 00:15:42,667] [6940 ] [ScriptRunner.scriptThread] [INFO ] fetching all schema names from database...
[2024-11-25 00:15:42,667] [6940 ] [ScriptRunner.scriptThread] [INFO ] fetching all schema names from database...
[2024-11-25 00:15:42,667] [6940 ] [ScriptRunner.scriptThread] [INFO ] fetching all schema names from database...
[2024-11-25 00:15:42,667] [6940 ] [ScriptRunner.scriptThread] [INFO ] fetching all schema names from database...
[2024-11-25 00:15:42,832] [6940 ] [ScriptRunner.scriptThread] [INFO ] identifying query type...
[2024-11-25 00:15:42,832] [6940 ] [ScriptRunner.scriptThread] [INFO ] identifying query type...
[2024-11-25 00:15:42,832] [6940 ] [ScriptRunner.scriptThread] [INFO ] identifying query type...
[2024-11-25 00:15:42,832] [6940 ] [ScriptRunner.scriptThread] [INFO ] identifying query type...
[2024-11-25 00:15:42,832] [6940 ] [ScriptRunner.scriptThread] [INFO ] identifying query type...
[2024-11-25 00:15:43,018] [6940 ] [ScriptRunner.scriptThread] [INFO ] identified as SELECT query
[2024-11-25 00:15:43,018] [6940 ] [ScriptRunner.scriptThread] [INFO ] identified as SELECT query
[2024-11-25 00:15:43,018] [6940 ] [ScriptRunner.scriptThread] [INFO ] identified as SELECT query
[2024-11-25 00:15:43,018] [6940 ] [ScriptRunner.scriptThread] [INFO ] identified as SELECT query
[2024-11-25 00:15:43,018] [6940 ] [ScriptRunner.scriptThread] [INFO ] identified as SELECT query
[2024-11-25 00:15:43,180] [6940 ] [ScriptRunner.scriptThread] [INFO ] creating postgres connection string...
[2024-11-25 00:15:43,180] [6940 ] [ScriptRunner.scriptThread] [INFO ] creating postgres connection string...
[2024-11-25 00:15:43,180] [6940 ] [ScriptRunner.scriptThread] [INFO ] creating postgres connection string...
[2024-11-25 00:15:43,180] [6940 ] [ScriptRunner.scriptThread] [INFO ] creating postgres connection string...
[2024-11-25 00:15:43,180] [6940 ] [ScriptRunner.scriptThread] [INFO ] creating postgres connection string...
[2024-11-25 00:15:43,358] [6940 ] [ScriptRunner.scriptThread] [INFO ] created
[2024-11-25 00:15:43,358] [6940 ] [ScriptRunner.scriptThread] [INFO ] created
[2024-11-25 00:15:43,358] [6940 ] [ScriptRunner.scriptThread] [INFO ] created
[2024-11-25 00:15:43,358] [6940 ] [ScriptRunner.scriptThread] [INFO ] created
[2024-11-25 00:15:43,358] [6940 ] [ScriptRunner.scriptThread] [INFO ] created
[2024-11-25 00:15:43,517] [6940 ] [ScriptRunner.scriptThread] [INFO ] connecting to database...
[2024-11-25 00:15:43,517] [6940 ] [ScriptRunner.scriptThread] [INFO ] connecting to database...
[2024-11-25 00:15:43,517] [6940 ] [ScriptRunner.scriptThread] [INFO ] connecting to database...
[2024-11-25 00:15:43,517] [6940 ] [ScriptRunner.scriptThread] [INFO ] connecting to database...
[2024-11-25 00:15:43,517] [6940 ] [ScriptRunner.scriptThread] [INFO ] connecting to database...
[2024-11-25 00:15:43,748] [6940 ] [ScriptRunner.scriptThread] [INFO ] connected
[2024-11-25 00:15:43,748] [6940 ] [ScriptRunner.scriptThread] [INFO ] connected
[2024-11-25 00:15:43,748] [6940 ] [ScriptRunner.scriptThread] [INFO ] connected
[2024-11-25 00:15:43,748] [6940 ] [ScriptRunner.scriptThread] [INFO ] connected
[2024-11-25 00:15:43,748] [6940 ] [ScriptRunner.scriptThread] [INFO ] connected
[2024-11-25 00:15:43,895] [6940 ] [ScriptRunner.scriptThread] [INFO ] fetched all schema names. number of schema names: 1
[2024-11-25 00:15:43,895] [6940 ] [ScriptRunner.scriptThread] [INFO ] fetched all schema names. number of schema names: 1
[2024-11-25 00:15:43,895] [6940 ] [ScriptRunner.scriptThread] [INFO ] fetched all schema names. number of schema names: 1
[2024-11-25 00:15:43,895] [6940 ] [ScriptRunner.scriptThread] [INFO ] fetched all schema names. number of schema names: 1
[2024-11-25 00:15:43,895] [6940 ] [ScriptRunner.scriptThread] [INFO ] fetched all schema names. number of schema names: 1
[2024-11-25 00:15:44,048] [6940 ] [ScriptRunner.scriptThread] [INFO ] fetching all the table names of schema: public...
[2024-11-25 00:15:44,048] [6940 ] [ScriptRunner.scriptThread] [INFO ] fetching all the table names of schema: public...
[2024-11-25 00:15:44,048] [6940 ] [ScriptRunner.scriptThread] [INFO ] fetching all the table names of schema: public...
[2024-11-25 00:15:44,048] [6940 ] [ScriptRunner.scriptThread] [INFO ] fetching all the table names of schema: public...
[2024-11-25 00:15:44,048] [6940 ] [ScriptRunner.scriptThread] [INFO ] fetching all the table names of schema: public...
[2024-11-25 00:15:44,196] [6940 ] [ScriptRunner.scriptThread] [INFO ] identifying query type...
[2024-11-25 00:15:44,196] [6940 ] [ScriptRunner.scriptThread] [INFO ] identifying query type...
[2024-11-25 00:15:44,196] [6940 ] [ScriptRunner.scriptThread] [INFO ] identifying query type...
[2024-11-25 00:15:44,196] [6940 ] [ScriptRunner.scriptThread] [INFO ] identifying query type...
[2024-11-25 00:15:44,196] [6940 ] [ScriptRunner.scriptThread] [INFO ] identifying query type...
[2024-11-25 00:15:44,440] [6940 ] [ScriptRunner.scriptThread] [INFO ] identified as SELECT query
[2024-11-25 00:15:44,440] [6940 ] [ScriptRunner.scriptThread] [INFO ] identified as SELECT query
[2024-11-25 00:15:44,440] [6940 ] [ScriptRunner.scriptThread] [INFO ] identified as SELECT query
[2024-11-25 00:15:44,440] [6940 ] [ScriptRunner.scriptThread] [INFO ] identified as SELECT query
[2024-11-25 00:15:44,440] [6940 ] [ScriptRunner.scriptThread] [INFO ] identified as SELECT query
[2024-11-25 00:15:44,608] [6940 ] [ScriptRunner.scriptThread] [INFO ] fetched all table names. number of tables: 7
[2024-11-25 00:15:44,608] [6940 ] [ScriptRunner.scriptThread] [INFO ] fetched all table names. number of tables: 7
[2024-11-25 00:15:44,608] [6940 ] [ScriptRunner.scriptThread] [INFO ] fetched all table names. number of tables: 7
[2024-11-25 00:15:44,608] [6940 ] [ScriptRunner.scriptThread] [INFO ] fetched all table names. number of tables: 7
[2024-11-25 00:15:44,608] [6940 ] [ScriptRunner.scriptThread] [INFO ] fetched all table names. number of tables: 7
[2024-11-25 00:15:44,765] [6940 ] [ScriptRunner.scriptThread] [INFO ] fetching column details of table: subject
[2024-11-25 00:15:44,765] [6940 ] [ScriptRunner.scriptThread] [INFO ] fetching column details of table: subject
[2024-11-25 00:15:44,765] [6940 ] [ScriptRunner.scriptThread] [INFO ] fetching column details of table: subject
[2024-11-25 00:15:44,765] [6940 ] [ScriptRunner.scriptThread] [INFO ] fetching column details of table: subject
[2024-11-25 00:15:44,765] [6940 ] [ScriptRunner.scriptThread] [INFO ] fetching column details of table: subject
[2024-11-25 00:15:44,924] [6940 ] [ScriptRunner.scriptThread] [INFO ] identifying query type...
[2024-11-25 00:15:44,924] [6940 ] [ScriptRunner.scriptThread] [INFO ] identifying query type...
[2024-11-25 00:15:44,924] [6940 ] [ScriptRunner.scriptThread] [INFO ] identifying query type...
[2024-11-25 00:15:44,924] [6940 ] [ScriptRunner.scriptThread] [INFO ] identifying query type...
[2024-11-25 00:15:44,924] [6940 ] [ScriptRunner.scriptThread] [INFO ] identifying query type...
[2024-11-25 00:15:45,109] [6940 ] [ScriptRunner.scriptThread] [INFO ] identified as SELECT query
[2024-11-25 00:15:45,109] [6940 ] [ScriptRunner.scriptThread] [INFO ] identified as SELECT query
[2024-11-25 00:15:45,109] [6940 ] [ScriptRunner.scriptThread] [INFO ] identified as SELECT query
[2024-11-25 00:15:45,109] [6940 ] [ScriptRunner.scriptThread] [INFO ] identified as SELECT query
[2024-11-25 00:15:45,109] [6940 ] [ScriptRunner.scriptThread] [INFO ] identified as SELECT query
[2024-11-25 00:15:45,293] [6940 ] [ScriptRunner.scriptThread] [INFO ] fetched column details. number of columns: 5
[2024-11-25 00:15:45,293] [6940 ] [ScriptRunner.scriptThread] [INFO ] fetched column details. number of columns: 5
[2024-11-25 00:15:45,293] [6940 ] [ScriptRunner.scriptThread] [INFO ] fetched column details. number of columns: 5
[2024-11-25 00:15:45,293] [6940 ] [ScriptRunner.scriptThread] [INFO ] fetched column details. number of columns: 5
[2024-11-25 00:15:45,293] [6940 ] [ScriptRunner.scriptThread] [INFO ] fetched column details. number of columns: 5
[2024-11-25 00:15:45,455] [6940 ] [ScriptRunner.scriptThread] [INFO ] fetching relationship details of table name: subject
[2024-11-25 00:15:45,455] [6940 ] [ScriptRunner.scriptThread] [INFO ] fetching relationship details of table name: subject
[2024-11-25 00:15:45,455] [6940 ] [ScriptRunner.scriptThread] [INFO ] fetching relationship details of table name: subject
[2024-11-25 00:15:45,455] [6940 ] [ScriptRunner.scriptThread] [INFO ] fetching relationship details of table name: subject
[2024-11-25 00:15:45,455] [6940 ] [ScriptRunner.scriptThread] [INFO ] fetching relationship details of table name: subject
[2024-11-25 00:15:45,620] [6940 ] [ScriptRunner.scriptThread] [INFO ] identifying query type...
[2024-11-25 00:15:45,620] [6940 ] [ScriptRunner.scriptThread] [INFO ] identifying query type...
[2024-11-25 00:15:45,620] [6940 ] [ScriptRunner.scriptThread] [INFO ] identifying query type...
[2024-11-25 00:15:45,620] [6940 ] [ScriptRunner.scriptThread] [INFO ] identifying query type...
[2024-11-25 00:15:45,620] [6940 ] [ScriptRunner.scriptThread] [INFO ] identifying query type...
[2024-11-25 00:15:45,782] [6940 ] [ScriptRunner.scriptThread] [INFO ] identified as SELECT query
[2024-11-25 00:15:45,782] [6940 ] [ScriptRunner.scriptThread] [INFO ] identified as SELECT query
[2024-11-25 00:15:45,782] [6940 ] [ScriptRunner.scriptThread] [INFO ] identified as SELECT query
[2024-11-25 00:15:45,782] [6940 ] [ScriptRunner.scriptThread] [INFO ] identified as SELECT query
[2024-11-25 00:15:45,782] [6940 ] [ScriptRunner.scriptThread] [INFO ] identified as SELECT query
[2024-11-25 00:15:45,984] [6940 ] [ScriptRunner.scriptThread] [INFO ] fetched relationship details. number of relationships: 2
[2024-11-25 00:15:45,984] [6940 ] [ScriptRunner.scriptThread] [INFO ] fetched relationship details. number of relationships: 2
[2024-11-25 00:15:45,984] [6940 ] [ScriptRunner.scriptThread] [INFO ] fetched relationship details. number of relationships: 2
[2024-11-25 00:15:45,984] [6940 ] [ScriptRunner.scriptThread] [INFO ] fetched relationship details. number of relationships: 2
[2024-11-25 00:15:45,984] [6940 ] [ScriptRunner.scriptThread] [INFO ] fetched relationship details. number of relationships: 2
[2024-11-25 00:15:46,140] [6940 ] [ScriptRunner.scriptThread] [INFO ] fetching column details of table: department
[2024-11-25 00:15:46,140] [6940 ] [ScriptRunner.scriptThread] [INFO ] fetching column details of table: department
[2024-11-25 00:15:46,140] [6940 ] [ScriptRunner.scriptThread] [INFO ] fetching column details of table: department
[2024-11-25 00:15:46,140] [6940 ] [ScriptRunner.scriptThread] [INFO ] fetching column details of table: department
[2024-11-25 00:15:46,140] [6940 ] [ScriptRunner.scriptThread] [INFO ] fetching column details of table: department
[2024-11-25 00:15:46,301] [6940 ] [ScriptRunner.scriptThread] [INFO ] identifying query type...
[2024-11-25 00:15:46,301] [6940 ] [ScriptRunner.scriptThread] [INFO ] identifying query type...
[2024-11-25 00:15:46,301] [6940 ] [ScriptRunner.scriptThread] [INFO ] identifying query type...
[2024-11-25 00:15:46,301] [6940 ] [ScriptRunner.scriptThread] [INFO ] identifying query type...
[2024-11-25 00:15:46,301] [6940 ] [ScriptRunner.scriptThread] [INFO ] identifying query type...
[2024-11-25 00:15:46,472] [6940 ] [ScriptRunner.scriptThread] [INFO ] identified as SELECT query
[2024-11-25 00:15:46,472] [6940 ] [ScriptRunner.scriptThread] [INFO ] identified as SELECT query
[2024-11-25 00:15:46,472] [6940 ] [ScriptRunner.scriptThread] [INFO ] identified as SELECT query
[2024-11-25 00:15:46,472] [6940 ] [ScriptRunner.scriptThread] [INFO ] identified as SELECT query
[2024-11-25 00:15:46,472] [6940 ] [ScriptRunner.scriptThread] [INFO ] identified as SELECT query
[2024-11-25 00:15:46,656] [6940 ] [ScriptRunner.scriptThread] [INFO ] fetched column details. number of columns: 4
[2024-11-25 00:15:46,656] [6940 ] [ScriptRunner.scriptThread] [INFO ] fetched column details. number of columns: 4
[2024-11-25 00:15:46,656] [6940 ] [ScriptRunner.scriptThread] [INFO ] fetched column details. number of columns: 4
[2024-11-25 00:15:46,656] [6940 ] [ScriptRunner.scriptThread] [INFO ] fetched column details. number of columns: 4
[2024-11-25 00:15:46,656] [6940 ] [ScriptRunner.scriptThread] [INFO ] fetched column details. number of columns: 4
[2024-11-25 00:15:46,798] [6940 ] [ScriptRunner.scriptThread] [INFO ] fetching relationship details of table name: department
[2024-11-25 00:15:46,798] [6940 ] [ScriptRunner.scriptThread] [INFO ] fetching relationship details of table name: department
[2024-11-25 00:15:46,798] [6940 ] [ScriptRunner.scriptThread] [INFO ] fetching relationship details of table name: department
[2024-11-25 00:15:46,798] [6940 ] [ScriptRunner.scriptThread] [INFO ] fetching relationship details of table name: department
[2024-11-25 00:15:46,798] [6940 ] [ScriptRunner.scriptThread] [INFO ] fetching relationship details of table name: department
[2024-11-25 00:15:46,996] [6940 ] [ScriptRunner.scriptThread] [INFO ] identifying query type...
[2024-11-25 00:15:46,996] [6940 ] [ScriptRunner.scriptThread] [INFO ] identifying query type...
[2024-11-25 00:15:46,996] [6940 ] [ScriptRunner.scriptThread] [INFO ] identifying query type...
[2024-11-25 00:15:46,996] [6940 ] [ScriptRunner.scriptThread] [INFO ] identifying query type...
[2024-11-25 00:15:46,996] [6940 ] [ScriptRunner.scriptThread] [INFO ] identifying query type...
[2024-11-25 00:15:47,184] [6940 ] [ScriptRunner.scriptThread] [INFO ] identified as SELECT query
[2024-11-25 00:15:47,184] [6940 ] [ScriptRunner.scriptThread] [INFO ] identified as SELECT query
[2024-11-25 00:15:47,184] [6940 ] [ScriptRunner.scriptThread] [INFO ] identified as SELECT query
[2024-11-25 00:15:47,184] [6940 ] [ScriptRunner.scriptThread] [INFO ] identified as SELECT query
[2024-11-25 00:15:47,184] [6940 ] [ScriptRunner.scriptThread] [INFO ] identified as SELECT query
[2024-11-25 00:15:47,344] [6940 ] [ScriptRunner.scriptThread] [INFO ] fetched relationship details. number of relationships: 0
[2024-11-25 00:15:47,344] [6940 ] [ScriptRunner.scriptThread] [INFO ] fetched relationship details. number of relationships: 0
[2024-11-25 00:15:47,344] [6940 ] [ScriptRunner.scriptThread] [INFO ] fetched relationship details. number of relationships: 0
[2024-11-25 00:15:47,344] [6940 ] [ScriptRunner.scriptThread] [INFO ] fetched relationship details. number of relationships: 0
[2024-11-25 00:15:47,344] [6940 ] [ScriptRunner.scriptThread] [INFO ] fetched relationship details. number of relationships: 0
[2024-11-25 00:15:47,518] [6940 ] [ScriptRunner.scriptThread] [INFO ] fetching column details of table: student
[2024-11-25 00:15:47,518] [6940 ] [ScriptRunner.scriptThread] [INFO ] fetching column details of table: student
[2024-11-25 00:15:47,518] [6940 ] [ScriptRunner.scriptThread] [INFO ] fetching column details of table: student
[2024-11-25 00:15:47,518] [6940 ] [ScriptRunner.scriptThread] [INFO ] fetching column details of table: student
[2024-11-25 00:15:47,518] [6940 ] [ScriptRunner.scriptThread] [INFO ] fetching column details of table: student
[2024-11-25 00:15:47,673] [6940 ] [ScriptRunner.scriptThread] [INFO ] identifying query type...
[2024-11-25 00:15:47,673] [6940 ] [ScriptRunner.scriptThread] [INFO ] identifying query type...
[2024-11-25 00:15:47,673] [6940 ] [ScriptRunner.scriptThread] [INFO ] identifying query type...
[2024-11-25 00:15:47,673] [6940 ] [ScriptRunner.scriptThread] [INFO ] identifying query type...
[2024-11-25 00:15:47,673] [6940 ] [ScriptRunner.scriptThread] [INFO ] identifying query type...
[2024-11-25 00:15:47,857] [6940 ] [ScriptRunner.scriptThread] [INFO ] identified as SELECT query
[2024-11-25 00:15:47,857] [6940 ] [ScriptRunner.scriptThread] [INFO ] identified as SELECT query
[2024-11-25 00:15:47,857] [6940 ] [ScriptRunner.scriptThread] [INFO ] identified as SELECT query
[2024-11-25 00:15:47,857] [6940 ] [ScriptRunner.scriptThread] [INFO ] identified as SELECT query
[2024-11-25 00:15:47,857] [6940 ] [ScriptRunner.scriptThread] [INFO ] identified as SELECT query
[2024-11-25 00:15:48,063] [6940 ] [ScriptRunner.scriptThread] [INFO ] fetched column details. number of columns: 4
[2024-11-25 00:15:48,063] [6940 ] [ScriptRunner.scriptThread] [INFO ] fetched column details. number of columns: 4
[2024-11-25 00:15:48,063] [6940 ] [ScriptRunner.scriptThread] [INFO ] fetched column details. number of columns: 4
[2024-11-25 00:15:48,063] [6940 ] [ScriptRunner.scriptThread] [INFO ] fetched column details. number of columns: 4
[2024-11-25 00:15:48,063] [6940 ] [ScriptRunner.scriptThread] [INFO ] fetched column details. number of columns: 4
[2024-11-25 00:15:48,240] [6940 ] [ScriptRunner.scriptThread] [INFO ] fetching relationship details of table name: student
[2024-11-25 00:15:48,240] [6940 ] [ScriptRunner.scriptThread] [INFO ] fetching relationship details of table name: student
[2024-11-25 00:15:48,240] [6940 ] [ScriptRunner.scriptThread] [INFO ] fetching relationship details of table name: student
[2024-11-25 00:15:48,240] [6940 ] [ScriptRunner.scriptThread] [INFO ] fetching relationship details of table name: student
[2024-11-25 00:15:48,240] [6940 ] [ScriptRunner.scriptThread] [INFO ] fetching relationship details of table name: student
[2024-11-25 00:15:48,392] [6940 ] [ScriptRunner.scriptThread] [INFO ] identifying query type...
[2024-11-25 00:15:48,392] [6940 ] [ScriptRunner.scriptThread] [INFO ] identifying query type...
[2024-11-25 00:15:48,392] [6940 ] [ScriptRunner.scriptThread] [INFO ] identifying query type...
[2024-11-25 00:15:48,392] [6940 ] [ScriptRunner.scriptThread] [INFO ] identifying query type...
[2024-11-25 00:15:48,392] [6940 ] [ScriptRunner.scriptThread] [INFO ] identifying query type...
[2024-11-25 00:15:48,560] [6940 ] [ScriptRunner.scriptThread] [INFO ] identified as SELECT query
[2024-11-25 00:15:48,560] [6940 ] [ScriptRunner.scriptThread] [INFO ] identified as SELECT query
[2024-11-25 00:15:48,560] [6940 ] [ScriptRunner.scriptThread] [INFO ] identified as SELECT query
[2024-11-25 00:15:48,560] [6940 ] [ScriptRunner.scriptThread] [INFO ] identified as SELECT query
[2024-11-25 00:15:48,560] [6940 ] [ScriptRunner.scriptThread] [INFO ] identified as SELECT query
[2024-11-25 00:15:48,721] [6940 ] [ScriptRunner.scriptThread] [INFO ] fetched relationship details. number of relationships: 1
[2024-11-25 00:15:48,721] [6940 ] [ScriptRunner.scriptThread] [INFO ] fetched relationship details. number of relationships: 1
[2024-11-25 00:15:48,721] [6940 ] [ScriptRunner.scriptThread] [INFO ] fetched relationship details. number of relationships: 1
[2024-11-25 00:15:48,721] [6940 ] [ScriptRunner.scriptThread] [INFO ] fetched relationship details. number of relationships: 1
[2024-11-25 00:15:48,721] [6940 ] [ScriptRunner.scriptThread] [INFO ] fetched relationship details. number of relationships: 1
[2024-11-25 00:15:48,865] [6940 ] [ScriptRunner.scriptThread] [INFO ] fetching column details of table: teacher
[2024-11-25 00:15:48,865] [6940 ] [ScriptRunner.scriptThread] [INFO ] fetching column details of table: teacher
[2024-11-25 00:15:48,865] [6940 ] [ScriptRunner.scriptThread] [INFO ] fetching column details of table: teacher
[2024-11-25 00:15:48,865] [6940 ] [ScriptRunner.scriptThread] [INFO ] fetching column details of table: teacher
[2024-11-25 00:15:48,865] [6940 ] [ScriptRunner.scriptThread] [INFO ] fetching column details of table: teacher
[2024-11-25 00:15:49,006] [6940 ] [ScriptRunner.scriptThread] [INFO ] identifying query type...
[2024-11-25 00:15:49,006] [6940 ] [ScriptRunner.scriptThread] [INFO ] identifying query type...
[2024-11-25 00:15:49,006] [6940 ] [ScriptRunner.scriptThread] [INFO ] identifying query type...
[2024-11-25 00:15:49,006] [6940 ] [ScriptRunner.scriptThread] [INFO ] identifying query type...
[2024-11-25 00:15:49,006] [6940 ] [ScriptRunner.scriptThread] [INFO ] identifying query type...
[2024-11-25 00:15:49,156] [6940 ] [ScriptRunner.scriptThread] [INFO ] identified as SELECT query
[2024-11-25 00:15:49,156] [6940 ] [ScriptRunner.scriptThread] [INFO ] identified as SELECT query
[2024-11-25 00:15:49,156] [6940 ] [ScriptRunner.scriptThread] [INFO ] identified as SELECT query
[2024-11-25 00:15:49,156] [6940 ] [ScriptRunner.scriptThread] [INFO ] identified as SELECT query
[2024-11-25 00:15:49,156] [6940 ] [ScriptRunner.scriptThread] [INFO ] identified as SELECT query
[2024-11-25 00:15:49,321] [6940 ] [ScriptRunner.scriptThread] [INFO ] fetched column details. number of columns: 4
[2024-11-25 00:15:49,321] [6940 ] [ScriptRunner.scriptThread] [INFO ] fetched column details. number of columns: 4
[2024-11-25 00:15:49,321] [6940 ] [ScriptRunner.scriptThread] [INFO ] fetched column details. number of columns: 4
[2024-11-25 00:15:49,321] [6940 ] [ScriptRunner.scriptThread] [INFO ] fetched column details. number of columns: 4
[2024-11-25 00:15:49,321] [6940 ] [ScriptRunner.scriptThread] [INFO ] fetched column details. number of columns: 4
[2024-11-25 00:15:49,466] [6940 ] [ScriptRunner.scriptThread] [INFO ] fetching relationship details of table name: teacher
[2024-11-25 00:15:49,466] [6940 ] [ScriptRunner.scriptThread] [INFO ] fetching relationship details of table name: teacher
[2024-11-25 00:15:49,466] [6940 ] [ScriptRunner.scriptThread] [INFO ] fetching relationship details of table name: teacher
[2024-11-25 00:15:49,466] [6940 ] [ScriptRunner.scriptThread] [INFO ] fetching relationship details of table name: teacher
[2024-11-25 00:15:49,466] [6940 ] [ScriptRunner.scriptThread] [INFO ] fetching relationship details of table name: teacher
[2024-11-25 00:15:49,640] [6940 ] [ScriptRunner.scriptThread] [INFO ] identifying query type...
[2024-11-25 00:15:49,640] [6940 ] [ScriptRunner.scriptThread] [INFO ] identifying query type...
[2024-11-25 00:15:49,640] [6940 ] [ScriptRunner.scriptThread] [INFO ] identifying query type...
[2024-11-25 00:15:49,640] [6940 ] [ScriptRunner.scriptThread] [INFO ] identifying query type...
[2024-11-25 00:15:49,640] [6940 ] [ScriptRunner.scriptThread] [INFO ] identifying query type...
[2024-11-25 00:15:49,835] [6940 ] [ScriptRunner.scriptThread] [INFO ] identified as SELECT query
[2024-11-25 00:15:49,835] [6940 ] [ScriptRunner.scriptThread] [INFO ] identified as SELECT query
[2024-11-25 00:15:49,835] [6940 ] [ScriptRunner.scriptThread] [INFO ] identified as SELECT query
[2024-11-25 00:15:49,835] [6940 ] [ScriptRunner.scriptThread] [INFO ] identified as SELECT query
[2024-11-25 00:15:49,835] [6940 ] [ScriptRunner.scriptThread] [INFO ] identified as SELECT query
[2024-11-25 00:15:50,040] [6940 ] [ScriptRunner.scriptThread] [INFO ] fetched relationship details. number of relationships: 1
[2024-11-25 00:15:50,040] [6940 ] [ScriptRunner.scriptThread] [INFO ] fetched relationship details. number of relationships: 1
[2024-11-25 00:15:50,040] [6940 ] [ScriptRunner.scriptThread] [INFO ] fetched relationship details. number of relationships: 1
[2024-11-25 00:15:50,040] [6940 ] [ScriptRunner.scriptThread] [INFO ] fetched relationship details. number of relationships: 1
[2024-11-25 00:15:50,040] [6940 ] [ScriptRunner.scriptThread] [INFO ] fetched relationship details. number of relationships: 1
[2024-11-25 00:15:50,209] [6940 ] [ScriptRunner.scriptThread] [INFO ] fetching column details of table: enrollment
[2024-11-25 00:15:50,209] [6940 ] [ScriptRunner.scriptThread] [INFO ] fetching column details of table: enrollment
[2024-11-25 00:15:50,209] [6940 ] [ScriptRunner.scriptThread] [INFO ] fetching column details of table: enrollment
[2024-11-25 00:15:50,209] [6940 ] [ScriptRunner.scriptThread] [INFO ] fetching column details of table: enrollment
[2024-11-25 00:15:50,209] [6940 ] [ScriptRunner.scriptThread] [INFO ] fetching column details of table: enrollment
[2024-11-25 00:15:50,392] [6940 ] [ScriptRunner.scriptThread] [INFO ] identifying query type...
[2024-11-25 00:15:50,392] [6940 ] [ScriptRunner.scriptThread] [INFO ] identifying query type...
[2024-11-25 00:15:50,392] [6940 ] [ScriptRunner.scriptThread] [INFO ] identifying query type...
[2024-11-25 00:15:50,392] [6940 ] [ScriptRunner.scriptThread] [INFO ] identifying query type...
[2024-11-25 00:15:50,392] [6940 ] [ScriptRunner.scriptThread] [INFO ] identifying query type...
[2024-11-25 00:15:50,573] [6940 ] [ScriptRunner.scriptThread] [INFO ] identified as SELECT query
[2024-11-25 00:15:50,573] [6940 ] [ScriptRunner.scriptThread] [INFO ] identified as SELECT query
[2024-11-25 00:15:50,573] [6940 ] [ScriptRunner.scriptThread] [INFO ] identified as SELECT query
[2024-11-25 00:15:50,573] [6940 ] [ScriptRunner.scriptThread] [INFO ] identified as SELECT query
[2024-11-25 00:15:50,573] [6940 ] [ScriptRunner.scriptThread] [INFO ] identified as SELECT query
[2024-11-25 00:15:50,750] [6940 ] [ScriptRunner.scriptThread] [INFO ] fetched column details. number of columns: 5
[2024-11-25 00:15:50,750] [6940 ] [ScriptRunner.scriptThread] [INFO ] fetched column details. number of columns: 5
[2024-11-25 00:15:50,750] [6940 ] [ScriptRunner.scriptThread] [INFO ] fetched column details. number of columns: 5
[2024-11-25 00:15:50,750] [6940 ] [ScriptRunner.scriptThread] [INFO ] fetched column details. number of columns: 5
[2024-11-25 00:15:50,750] [6940 ] [ScriptRunner.scriptThread] [INFO ] fetched column details. number of columns: 5
[2024-11-25 00:15:50,916] [6940 ] [ScriptRunner.scriptThread] [INFO ] fetching relationship details of table name: enrollment
[2024-11-25 00:15:50,916] [6940 ] [ScriptRunner.scriptThread] [INFO ] fetching relationship details of table name: enrollment
[2024-11-25 00:15:50,916] [6940 ] [ScriptRunner.scriptThread] [INFO ] fetching relationship details of table name: enrollment
[2024-11-25 00:15:50,916] [6940 ] [ScriptRunner.scriptThread] [INFO ] fetching relationship details of table name: enrollment
[2024-11-25 00:15:50,916] [6940 ] [ScriptRunner.scriptThread] [INFO ] fetching relationship details of table name: enrollment
[2024-11-25 00:15:51,077] [6940 ] [ScriptRunner.scriptThread] [INFO ] identifying query type...
[2024-11-25 00:15:51,077] [6940 ] [ScriptRunner.scriptThread] [INFO ] identifying query type...
[2024-11-25 00:15:51,077] [6940 ] [ScriptRunner.scriptThread] [INFO ] identifying query type...
[2024-11-25 00:15:51,077] [6940 ] [ScriptRunner.scriptThread] [INFO ] identifying query type...
[2024-11-25 00:15:51,077] [6940 ] [ScriptRunner.scriptThread] [INFO ] identifying query type...
[2024-11-25 00:15:51,269] [6940 ] [ScriptRunner.scriptThread] [INFO ] identified as SELECT query
[2024-11-25 00:15:51,269] [6940 ] [ScriptRunner.scriptThread] [INFO ] identified as SELECT query
[2024-11-25 00:15:51,269] [6940 ] [ScriptRunner.scriptThread] [INFO ] identified as SELECT query
[2024-11-25 00:15:51,269] [6940 ] [ScriptRunner.scriptThread] [INFO ] identified as SELECT query
[2024-11-25 00:15:51,269] [6940 ] [ScriptRunner.scriptThread] [INFO ] identified as SELECT query
[2024-11-25 00:15:51,453] [6940 ] [ScriptRunner.scriptThread] [INFO ] fetched relationship details. number of relationships: 2
[2024-11-25 00:15:51,453] [6940 ] [ScriptRunner.scriptThread] [INFO ] fetched relationship details. number of relationships: 2
[2024-11-25 00:15:51,453] [6940 ] [ScriptRunner.scriptThread] [INFO ] fetched relationship details. number of relationships: 2
[2024-11-25 00:15:51,453] [6940 ] [ScriptRunner.scriptThread] [INFO ] fetched relationship details. number of relationships: 2
[2024-11-25 00:15:51,453] [6940 ] [ScriptRunner.scriptThread] [INFO ] fetched relationship details. number of relationships: 2
[2024-11-25 00:15:51,620] [6940 ] [ScriptRunner.scriptThread] [INFO ] fetching column details of table: conversation_history
[2024-11-25 00:15:51,620] [6940 ] [ScriptRunner.scriptThread] [INFO ] fetching column details of table: conversation_history
[2024-11-25 00:15:51,620] [6940 ] [ScriptRunner.scriptThread] [INFO ] fetching column details of table: conversation_history
[2024-11-25 00:15:51,620] [6940 ] [ScriptRunner.scriptThread] [INFO ] fetching column details of table: conversation_history
[2024-11-25 00:15:51,620] [6940 ] [ScriptRunner.scriptThread] [INFO ] fetching column details of table: conversation_history
[2024-11-25 00:15:51,787] [6940 ] [ScriptRunner.scriptThread] [INFO ] identifying query type...
[2024-11-25 00:15:51,787] [6940 ] [ScriptRunner.scriptThread] [INFO ] identifying query type...
[2024-11-25 00:15:51,787] [6940 ] [ScriptRunner.scriptThread] [INFO ] identifying query type...
[2024-11-25 00:15:51,787] [6940 ] [ScriptRunner.scriptThread] [INFO ] identifying query type...
[2024-11-25 00:15:51,787] [6940 ] [ScriptRunner.scriptThread] [INFO ] identifying query type...
[2024-11-25 00:15:51,979] [6940 ] [ScriptRunner.scriptThread] [INFO ] identified as SELECT query
[2024-11-25 00:15:51,979] [6940 ] [ScriptRunner.scriptThread] [INFO ] identified as SELECT query
[2024-11-25 00:15:51,979] [6940 ] [ScriptRunner.scriptThread] [INFO ] identified as SELECT query
[2024-11-25 00:15:51,979] [6940 ] [ScriptRunner.scriptThread] [INFO ] identified as SELECT query
[2024-11-25 00:15:51,979] [6940 ] [ScriptRunner.scriptThread] [INFO ] identified as SELECT query
[2024-11-25 00:15:52,155] [6940 ] [ScriptRunner.scriptThread] [INFO ] fetched column details. number of columns: 5
[2024-11-25 00:15:52,155] [6940 ] [ScriptRunner.scriptThread] [INFO ] fetched column details. number of columns: 5
[2024-11-25 00:15:52,155] [6940 ] [ScriptRunner.scriptThread] [INFO ] fetched column details. number of columns: 5
[2024-11-25 00:15:52,155] [6940 ] [ScriptRunner.scriptThread] [INFO ] fetched column details. number of columns: 5
[2024-11-25 00:15:52,155] [6940 ] [ScriptRunner.scriptThread] [INFO ] fetched column details. number of columns: 5
[2024-11-25 00:15:52,319] [6940 ] [ScriptRunner.scriptThread] [INFO ] fetching relationship details of table name: conversation_history
[2024-11-25 00:15:52,319] [6940 ] [ScriptRunner.scriptThread] [INFO ] fetching relationship details of table name: conversation_history
[2024-11-25 00:15:52,319] [6940 ] [ScriptRunner.scriptThread] [INFO ] fetching relationship details of table name: conversation_history
[2024-11-25 00:15:52,319] [6940 ] [ScriptRunner.scriptThread] [INFO ] fetching relationship details of table name: conversation_history
[2024-11-25 00:15:52,319] [6940 ] [ScriptRunner.scriptThread] [INFO ] fetching relationship details of table name: conversation_history
[2024-11-25 00:15:52,482] [6940 ] [ScriptRunner.scriptThread] [INFO ] identifying query type...
[2024-11-25 00:15:52,482] [6940 ] [ScriptRunner.scriptThread] [INFO ] identifying query type...
[2024-11-25 00:15:52,482] [6940 ] [ScriptRunner.scriptThread] [INFO ] identifying query type...
[2024-11-25 00:15:52,482] [6940 ] [ScriptRunner.scriptThread] [INFO ] identifying query type...
[2024-11-25 00:15:52,482] [6940 ] [ScriptRunner.scriptThread] [INFO ] identifying query type...
[2024-11-25 00:15:52,715] [6940 ] [ScriptRunner.scriptThread] [INFO ] identified as SELECT query
[2024-11-25 00:15:52,715] [6940 ] [ScriptRunner.scriptThread] [INFO ] identified as SELECT query
[2024-11-25 00:15:52,715] [6940 ] [ScriptRunner.scriptThread] [INFO ] identified as SELECT query
[2024-11-25 00:15:52,715] [6940 ] [ScriptRunner.scriptThread] [INFO ] identified as SELECT query
[2024-11-25 00:15:52,715] [6940 ] [ScriptRunner.scriptThread] [INFO ] identified as SELECT query
[2024-11-25 00:15:52,910] [6940 ] [ScriptRunner.scriptThread] [INFO ] fetched relationship details. number of relationships: 0
[2024-11-25 00:15:52,910] [6940 ] [ScriptRunner.scriptThread] [INFO ] fetched relationship details. number of relationships: 0
[2024-11-25 00:15:52,910] [6940 ] [ScriptRunner.scriptThread] [INFO ] fetched relationship details. number of relationships: 0
[2024-11-25 00:15:52,910] [6940 ] [ScriptRunner.scriptThread] [INFO ] fetched relationship details. number of relationships: 0
[2024-11-25 00:15:52,910] [6940 ] [ScriptRunner.scriptThread] [INFO ] fetched relationship details. number of relationships: 0
[2024-11-25 00:15:53,088] [6940 ] [ScriptRunner.scriptThread] [INFO ] fetching column details of table: chat_history
[2024-11-25 00:15:53,088] [6940 ] [ScriptRunner.scriptThread] [INFO ] fetching column details of table: chat_history
[2024-11-25 00:15:53,088] [6940 ] [ScriptRunner.scriptThread] [INFO ] fetching column details of table: chat_history
[2024-11-25 00:15:53,088] [6940 ] [ScriptRunner.scriptThread] [INFO ] fetching column details of table: chat_history
[2024-11-25 00:15:53,088] [6940 ] [ScriptRunner.scriptThread] [INFO ] fetching column details of table: chat_history
[2024-11-25 00:15:53,268] [6940 ] [ScriptRunner.scriptThread] [INFO ] identifying query type...
[2024-11-25 00:15:53,268] [6940 ] [ScriptRunner.scriptThread] [INFO ] identifying query type...
[2024-11-25 00:15:53,268] [6940 ] [ScriptRunner.scriptThread] [INFO ] identifying query type...
[2024-11-25 00:15:53,268] [6940 ] [ScriptRunner.scriptThread] [INFO ] identifying query type...
[2024-11-25 00:15:53,268] [6940 ] [ScriptRunner.scriptThread] [INFO ] identifying query type...
[2024-11-25 00:15:53,460] [6940 ] [ScriptRunner.scriptThread] [INFO ] identified as SELECT query
[2024-11-25 00:15:53,460] [6940 ] [ScriptRunner.scriptThread] [INFO ] identified as SELECT query
[2024-11-25 00:15:53,460] [6940 ] [ScriptRunner.scriptThread] [INFO ] identified as SELECT query
[2024-11-25 00:15:53,460] [6940 ] [ScriptRunner.scriptThread] [INFO ] identified as SELECT query
[2024-11-25 00:15:53,460] [6940 ] [ScriptRunner.scriptThread] [INFO ] identified as SELECT query
[2024-11-25 00:15:53,657] [6940 ] [ScriptRunner.scriptThread] [INFO ] fetched column details. number of columns: 5
[2024-11-25 00:15:53,657] [6940 ] [ScriptRunner.scriptThread] [INFO ] fetched column details. number of columns: 5
[2024-11-25 00:15:53,657] [6940 ] [ScriptRunner.scriptThread] [INFO ] fetched column details. number of columns: 5
[2024-11-25 00:15:53,657] [6940 ] [ScriptRunner.scriptThread] [INFO ] fetched column details. number of columns: 5
[2024-11-25 00:15:53,657] [6940 ] [ScriptRunner.scriptThread] [INFO ] fetched column details. number of columns: 5
[2024-11-25 00:15:53,831] [6940 ] [ScriptRunner.scriptThread] [INFO ] fetching relationship details of table name: chat_history
[2024-11-25 00:15:53,831] [6940 ] [ScriptRunner.scriptThread] [INFO ] fetching relationship details of table name: chat_history
[2024-11-25 00:15:53,831] [6940 ] [ScriptRunner.scriptThread] [INFO ] fetching relationship details of table name: chat_history
[2024-11-25 00:15:53,831] [6940 ] [ScriptRunner.scriptThread] [INFO ] fetching relationship details of table name: chat_history
[2024-11-25 00:15:53,831] [6940 ] [ScriptRunner.scriptThread] [INFO ] fetching relationship details of table name: chat_history
[2024-11-25 00:15:54,012] [6940 ] [ScriptRunner.scriptThread] [INFO ] identifying query type...
[2024-11-25 00:15:54,012] [6940 ] [ScriptRunner.scriptThread] [INFO ] identifying query type...
[2024-11-25 00:15:54,012] [6940 ] [ScriptRunner.scriptThread] [INFO ] identifying query type...
[2024-11-25 00:15:54,012] [6940 ] [ScriptRunner.scriptThread] [INFO ] identifying query type...
[2024-11-25 00:15:54,012] [6940 ] [ScriptRunner.scriptThread] [INFO ] identifying query type...
[2024-11-25 00:15:54,207] [6940 ] [ScriptRunner.scriptThread] [INFO ] identified as SELECT query
[2024-11-25 00:15:54,207] [6940 ] [ScriptRunner.scriptThread] [INFO ] identified as SELECT query
[2024-11-25 00:15:54,207] [6940 ] [ScriptRunner.scriptThread] [INFO ] identified as SELECT query
[2024-11-25 00:15:54,207] [6940 ] [ScriptRunner.scriptThread] [INFO ] identified as SELECT query
[2024-11-25 00:15:54,207] [6940 ] [ScriptRunner.scriptThread] [INFO ] identified as SELECT query
[2024-11-25 00:15:54,399] [6940 ] [ScriptRunner.scriptThread] [INFO ] fetched relationship details. number of relationships: 0
[2024-11-25 00:15:54,399] [6940 ] [ScriptRunner.scriptThread] [INFO ] fetched relationship details. number of relationships: 0
[2024-11-25 00:15:54,399] [6940 ] [ScriptRunner.scriptThread] [INFO ] fetched relationship details. number of relationships: 0
[2024-11-25 00:15:54,399] [6940 ] [ScriptRunner.scriptThread] [INFO ] fetched relationship details. number of relationships: 0
[2024-11-25 00:15:54,399] [6940 ] [ScriptRunner.scriptThread] [INFO ] fetched relationship details. number of relationships: 0
[2024-11-25 00:15:54,561] [6940 ] [ScriptRunner.scriptThread] [INFO ] database metadata written to data/metadata/database.txt
[2024-11-25 00:15:54,561] [6940 ] [ScriptRunner.scriptThread] [INFO ] database metadata written to data/metadata/database.txt
[2024-11-25 00:15:54,561] [6940 ] [ScriptRunner.scriptThread] [INFO ] database metadata written to data/metadata/database.txt
[2024-11-25 00:15:54,561] [6940 ] [ScriptRunner.scriptThread] [INFO ] database metadata written to data/metadata/database.txt
[2024-11-25 00:15:54,561] [6940 ] [ScriptRunner.scriptThread] [INFO ] database metadata written to data/metadata/database.txt
[2024-11-25 00:17:28,336] [6940 ] [ScriptRunner.scriptThread] [INFO ] identifying query type...
[2024-11-25 00:17:28,336] [6940 ] [ScriptRunner.scriptThread] [INFO ] identifying query type...
[2024-11-25 00:17:28,336] [6940 ] [ScriptRunner.scriptThread] [INFO ] identifying query type...
[2024-11-25 00:17:28,336] [6940 ] [ScriptRunner.scriptThread] [INFO ] identifying query type...
[2024-11-25 00:17:28,336] [6940 ] [ScriptRunner.scriptThread] [INFO ] identifying query type...
[2024-11-25 00:17:28,493] [6940 ] [ScriptRunner.scriptThread] [INFO ] identified as SELECT query
[2024-11-25 00:17:28,493] [6940 ] [ScriptRunner.scriptThread] [INFO ] identified as SELECT query
[2024-11-25 00:17:28,493] [6940 ] [ScriptRunner.scriptThread] [INFO ] identified as SELECT query
[2024-11-25 00:17:28,493] [6940 ] [ScriptRunner.scriptThread] [INFO ] identified as SELECT query
[2024-11-25 00:17:28,493] [6940 ] [ScriptRunner.scriptThread] [INFO ] identified as SELECT query
[2024-11-25 00:17:28,645] [6940 ] [ScriptRunner.scriptThread] [INFO ] validating query...
[2024-11-25 00:17:28,645] [6940 ] [ScriptRunner.scriptThread] [INFO ] validating query...
[2024-11-25 00:17:28,645] [6940 ] [ScriptRunner.scriptThread] [INFO ] validating query...
[2024-11-25 00:17:28,645] [6940 ] [ScriptRunner.scriptThread] [INFO ] validating query...
[2024-11-25 00:17:28,645] [6940 ] [ScriptRunner.scriptThread] [INFO ] validating query...
[2024-11-25 00:17:28,801] [6940 ] [ScriptRunner.scriptThread] [INFO ] identifying query type...
[2024-11-25 00:17:28,801] [6940 ] [ScriptRunner.scriptThread] [INFO ] identifying query type...
[2024-11-25 00:17:28,801] [6940 ] [ScriptRunner.scriptThread] [INFO ] identifying query type...
[2024-11-25 00:17:28,801] [6940 ] [ScriptRunner.scriptThread] [INFO ] identifying query type...
[2024-11-25 00:17:28,801] [6940 ] [ScriptRunner.scriptThread] [INFO ] identifying query type...
[2024-11-25 00:17:28,961] [6940 ] [ScriptRunner.scriptThread] [INFO ] identified as UNKNOWN query
[2024-11-25 00:17:28,961] [6940 ] [ScriptRunner.scriptThread] [INFO ] identified as UNKNOWN query
[2024-11-25 00:17:28,961] [6940 ] [ScriptRunner.scriptThread] [INFO ] identified as UNKNOWN query
[2024-11-25 00:17:28,961] [6940 ] [ScriptRunner.scriptThread] [INFO ] identified as UNKNOWN query
[2024-11-25 00:17:28,961] [6940 ] [ScriptRunner.scriptThread] [INFO ] identified as UNKNOWN query
[2024-11-25 17:51:46,266] [15264] [ScriptRunner.scriptThread] [INFO ] resetting database details...
[2024-11-25 17:51:46,267] [15264] [ScriptRunner.scriptThread] [INFO ] database is ready to connect to postgres database of localhost host at port: 5433
[2024-11-25 17:51:46,267] [15264] [ScriptRunner.scriptThread] [INFO ] obtaining details to create database metadata file: data/metadata/database.txt
[2024-11-25 17:51:46,267] [15264] [ScriptRunner.scriptThread] [INFO ] fetching all schema names from database...
[2024-11-25 17:51:46,267] [15264] [ScriptRunner.scriptThread] [INFO ] identifying query type...
[2024-11-25 17:51:46,280] [15264] [ScriptRunner.scriptThread] [INFO ] identified as SELECT query
[2024-11-25 17:51:46,281] [15264] [ScriptRunner.scriptThread] [INFO ] creating postgres connection string...
[2024-11-25 17:51:46,281] [15264] [ScriptRunner.scriptThread] [INFO ] created
[2024-11-25 17:51:46,281] [15264] [ScriptRunner.scriptThread] [INFO ] connecting to database...
[2024-11-25 17:51:46,399] [15264] [ScriptRunner.scriptThread] [INFO ] connected
[2024-11-25 17:51:46,438] [15264] [ScriptRunner.scriptThread] [INFO ] fetched all schema names. number of schema names: 1
[2024-11-25 17:51:46,441] [15264] [ScriptRunner.scriptThread] [INFO ] fetching all the table names of schema: public...
[2024-11-25 17:51:46,441] [15264] [ScriptRunner.scriptThread] [INFO ] identifying query type...
[2024-11-25 17:51:46,443] [15264] [ScriptRunner.scriptThread] [INFO ] identified as SELECT query
[2024-11-25 17:51:46,452] [15264] [ScriptRunner.scriptThread] [INFO ] fetched all table names. number of tables: 7
[2024-11-25 17:51:46,452] [15264] [ScriptRunner.scriptThread] [INFO ] fetching column details of table: subject
[2024-11-25 17:51:46,452] [15264] [ScriptRunner.scriptThread] [INFO ] identifying query type...
[2024-11-25 17:51:46,455] [15264] [ScriptRunner.scriptThread] [INFO ] identified as SELECT query
[2024-11-25 17:51:46,480] [15264] [ScriptRunner.scriptThread] [INFO ] fetched column details. number of columns: 5
[2024-11-25 17:51:46,480] [15264] [ScriptRunner.scriptThread] [INFO ] fetching relationship details of table name: subject
[2024-11-25 17:51:46,480] [15264] [ScriptRunner.scriptThread] [INFO ] identifying query type...
[2024-11-25 17:51:46,491] [15264] [ScriptRunner.scriptThread] [INFO ] identified as SELECT query
[2024-11-25 17:51:46,515] [15264] [ScriptRunner.scriptThread] [INFO ] fetched relationship details. number of relationships: 2
[2024-11-25 17:51:46,517] [15264] [ScriptRunner.scriptThread] [INFO ] fetching column details of table: department
[2024-11-25 17:51:46,517] [15264] [ScriptRunner.scriptThread] [INFO ] identifying query type...
[2024-11-25 17:51:46,519] [15264] [ScriptRunner.scriptThread] [INFO ] identified as SELECT query
[2024-11-25 17:51:46,525] [15264] [ScriptRunner.scriptThread] [INFO ] fetched column details. number of columns: 4
[2024-11-25 17:51:46,525] [15264] [ScriptRunner.scriptThread] [INFO ] fetching relationship details of table name: department
[2024-11-25 17:51:46,526] [15264] [ScriptRunner.scriptThread] [INFO ] identifying query type...
[2024-11-25 17:51:46,541] [15264] [ScriptRunner.scriptThread] [INFO ] identified as SELECT query
[2024-11-25 17:51:46,548] [15264] [ScriptRunner.scriptThread] [INFO ] fetched relationship details. number of relationships: 0
[2024-11-25 17:51:46,549] [15264] [ScriptRunner.scriptThread] [INFO ] fetching column details of table: student
[2024-11-25 17:51:46,549] [15264] [ScriptRunner.scriptThread] [INFO ] identifying query type...
[2024-11-25 17:51:46,552] [15264] [ScriptRunner.scriptThread] [INFO ] identified as SELECT query
[2024-11-25 17:51:46,559] [15264] [ScriptRunner.scriptThread] [INFO ] fetched column details. number of columns: 4
[2024-11-25 17:51:46,560] [15264] [ScriptRunner.scriptThread] [INFO ] fetching relationship details of table name: student
[2024-11-25 17:51:46,560] [15264] [ScriptRunner.scriptThread] [INFO ] identifying query type...
[2024-11-25 17:51:46,574] [15264] [ScriptRunner.scriptThread] [INFO ] identified as SELECT query
[2024-11-25 17:51:46,587] [15264] [ScriptRunner.scriptThread] [INFO ] fetched relationship details. number of relationships: 1
[2024-11-25 17:51:46,587] [15264] [ScriptRunner.scriptThread] [INFO ] fetching column details of table: teacher
[2024-11-25 17:51:46,587] [15264] [ScriptRunner.scriptThread] [INFO ] identifying query type...
[2024-11-25 17:51:46,591] [15264] [ScriptRunner.scriptThread] [INFO ] identified as SELECT query
[2024-11-25 17:51:46,596] [15264] [ScriptRunner.scriptThread] [INFO ] fetched column details. number of columns: 4
[2024-11-25 17:51:46,596] [15264] [ScriptRunner.scriptThread] [INFO ] fetching relationship details of table name: teacher
[2024-11-25 17:51:46,596] [15264] [ScriptRunner.scriptThread] [INFO ] identifying query type...
[2024-11-25 17:51:46,605] [15264] [ScriptRunner.scriptThread] [INFO ] identified as SELECT query
[2024-11-25 17:51:46,617] [15264] [ScriptRunner.scriptThread] [INFO ] fetched relationship details. number of relationships: 1
[2024-11-25 17:51:46,617] [15264] [ScriptRunner.scriptThread] [INFO ] fetching column details of table: enrollment
[2024-11-25 17:51:46,617] [15264] [ScriptRunner.scriptThread] [INFO ] identifying query type...
[2024-11-25 17:51:46,619] [15264] [ScriptRunner.scriptThread] [INFO ] identified as SELECT query
[2024-11-25 17:51:46,625] [15264] [ScriptRunner.scriptThread] [INFO ] fetched column details. number of columns: 5
[2024-11-25 17:51:46,625] [15264] [ScriptRunner.scriptThread] [INFO ] fetching relationship details of table name: enrollment
[2024-11-25 17:51:46,626] [15264] [ScriptRunner.scriptThread] [INFO ] identifying query type...
[2024-11-25 17:51:46,635] [15264] [ScriptRunner.scriptThread] [INFO ] identified as SELECT query
[2024-11-25 17:51:46,648] [15264] [ScriptRunner.scriptThread] [INFO ] fetched relationship details. number of relationships: 2
[2024-11-25 17:51:46,648] [15264] [ScriptRunner.scriptThread] [INFO ] fetching column details of table: conversation_history
[2024-11-25 17:51:46,648] [15264] [ScriptRunner.scriptThread] [INFO ] identifying query type...
[2024-11-25 17:51:46,650] [15264] [ScriptRunner.scriptThread] [INFO ] identified as SELECT query
[2024-11-25 17:51:46,656] [15264] [ScriptRunner.scriptThread] [INFO ] fetched column details. number of columns: 5
[2024-11-25 17:51:46,656] [15264] [ScriptRunner.scriptThread] [INFO ] fetching relationship details of table name: conversation_history
[2024-11-25 17:51:46,656] [15264] [ScriptRunner.scriptThread] [INFO ] identifying query type...
[2024-11-25 17:51:46,665] [15264] [ScriptRunner.scriptThread] [INFO ] identified as SELECT query
[2024-11-25 17:51:46,673] [15264] [ScriptRunner.scriptThread] [INFO ] fetched relationship details. number of relationships: 0
[2024-11-25 17:51:46,673] [15264] [ScriptRunner.scriptThread] [INFO ] fetching column details of table: chat_history
[2024-11-25 17:51:46,673] [15264] [ScriptRunner.scriptThread] [INFO ] identifying query type...
[2024-11-25 17:51:46,675] [15264] [ScriptRunner.scriptThread] [INFO ] identified as SELECT query
[2024-11-25 17:51:46,680] [15264] [ScriptRunner.scriptThread] [INFO ] fetched column details. number of columns: 5
[2024-11-25 17:51:46,680] [15264] [ScriptRunner.scriptThread] [INFO ] fetching relationship details of table name: chat_history
[2024-11-25 17:51:46,680] [15264] [ScriptRunner.scriptThread] [INFO ] identifying query type...
[2024-11-25 17:51:46,690] [15264] [ScriptRunner.scriptThread] [INFO ] identified as SELECT query
[2024-11-25 17:51:46,697] [15264] [ScriptRunner.scriptThread] [INFO ] fetched relationship details. number of relationships: 0
[2024-11-25 17:51:46,697] [15264] [ScriptRunner.scriptThread] [INFO ] database metadata written to data/metadata/database.txt
[2024-11-25 17:53:26,705] [15264] [ScriptRunner.scriptThread] [INFO ] identifying query type...
[2024-11-25 17:53:26,708] [15264] [ScriptRunner.scriptThread] [INFO ] identified as SELECT query
[2024-11-25 17:53:26,709] [15264] [ScriptRunner.scriptThread] [INFO ] validating query...
[2024-11-25 17:53:26,709] [15264] [ScriptRunner.scriptThread] [INFO ] identifying query type...
[2024-11-25 17:53:26,711] [15264] [ScriptRunner.scriptThread] [INFO ] identified as UNKNOWN query
